<?xml version="1.0" encoding="UTF-8"?>
<testsuites name="TestSuit" time="383.797" tests="8" failures="1" errors="0">
   <testsuite name="TestSuit" tests="8" failures="1" errors="0" time="383.797" skipped="0" timestamp="2023-11-27 16:43:17" hostname="Laptop - DESKTOP-F2OEDJQ" id="Test Suites/TestSuit">
      <properties>
         <property name="deviceName" value="emulator-5554 (sdk_gphone64_x86_64 - Android 14)"/>
         <property name="devicePlatform" value=""/>
         <property name="logFolder" value="C:\\projetoTaes\\tests\\Reports\\20231127_164311\\TestSuit\\20231127_164311"/>
         <property name="logFiles" value="C:\\projetoTaes\\tests\\Reports\\20231127_164311\\TestSuit\\20231127_164311\\appium.log, C:\\projetoTaes\\tests\\Reports\\20231127_164311\\TestSuit\\20231127_164311\\execution0.log"/>
         <property name="attachments" value=""/>
         <property name="hostName" value="Laptop - DESKTOP-F2OEDJQ"/>
         <property name="os" value="Windows 10 64bit"/>
         <property name="appiumServerStatus" value="{&quot;value&quot;:{&quot;build&quot;:{&quot;version&quot;:&quot;1.22.3&quot;}},&quot;sessionId&quot;:null,&quot;status&quot;:0}"/>
         <property name="katalonVersion" value="8.6.8.208"/>
         <property name="deviceOS" value="Android"/>
         <property name="appiumVersion" value="1.22.3"/>
         <property name="deviceModel" value="sdk_gphone64_x86_64"/>
         <property name="hostAddress" value="192.168.159.1"/>
         <property name="deviceManufacturer" value="Google"/>
         <property name="deviceId" value="emulator-5554"/>
         <property name="deviceName" value="emulator-5554 (sdk_gphone64_x86_64 - Android 14)"/>
         <property name="deviceOSVersion" value="14"/>
      </properties>
      <testcase name="Test Cases/US1 - Create VCard/US1-CreateVCard" time="69.966" classname="Test Cases/US1 - Create VCard/US1-CreateVCard" status="PASSED">
         <system-out><![CDATA[2023-11-27 16:43:17 - [TEST_CASE][PASSED] - Test Cases/US1 - Create VCard/US1-CreateVCard: Test Cases/US1 - Create VCard/US1-CreateVCard

2023-11-27 16:43:18 - [TEST_STEP][PASSED] - runFeatureFile("Include/features/US1-CreateVCard/US1-CreateVCard.feature"): Feature file: 'Include/features/US1-CreateVCard/US1-CreateVCard.feature' was passed

2023-11-27 16:43:18 - [MESSAGE][INFO] - Starting run keyword runFeatureFile: 'Include/features/US1-CreateVCard/US1-CreateVCard.feature' and extract report to folder: 'C:\projetoTaes\tests\Reports\20231127_164311\TestSuit\20231127_164311/cucumber_report/1701103398407'...

2023-11-27 16:43:19 - [TEST_CASE][PASSED] - Start Test Case : SCENARIO Create vCard Fail: SCENARIO Create vCard Fail

2023-11-27 16:43:19 - [TEST_STEP][PASSED] - I start the application: I start the application

2023-11-27 16:43:19 - [MESSAGE][INFO] - Detected NodeJS location: "C:\Program Files\nodejs\node.exe"

2023-11-27 16:43:20 - [MESSAGE][INFO] - Appium server started on port 61.729

2023-11-27 16:43:30 - [MESSAGE][PASSED] - Started app at: 'C:\projetoTaes\code\app\build\outputs\apk\debug\app-debug.apk'

2023-11-27 16:43:30 - [MESSAGE][PASSED] - I start the application

2023-11-27 16:43:30 - [TEST_STEP][PASSED] - I dont have a vCard associated: I dont have a vCard associated

2023-11-27 16:43:30 - [MESSAGE][PASSED] - I dont have a vCard associated

2023-11-27 16:43:30 - [TEST_STEP][PASSED] - I dont insert my credencials: I dont insert my credencials

2023-11-27 16:43:30 - [MESSAGE][PASSED] - I dont insert my credencials

2023-11-27 16:43:30 - [TEST_STEP][PASSED] - I tap the "create vCard" button: I tap the "create vCard" button

2023-11-27 16:43:30 - [MESSAGE][WARNING] - Timeout '0' is invalid. Using default page load timeout: '30'

2023-11-27 16:43:31 - [MESSAGE][PASSED] - Tapped on element 'Object Repository/android.widget.Button - Create VCard (2)'

2023-11-27 16:43:31 - [MESSAGE][PASSED] - I tap the "create vCard" button

2023-11-27 16:43:31 - [TEST_STEP][PASSED] - I can see "empty fields" message: I can see "empty fields" message

2023-11-27 16:43:32 - [MESSAGE][PASSED] - Close app successfully

2023-11-27 16:43:32 - [MESSAGE][PASSED] - I can see "empty fields" message

2023-11-27 16:43:32 - [TEST_CASE][PASSED] - Start Test Case : SCENARIO Create vCard Fail(Phone number already exists): SCENARIO Create vCard Fail(Phone number already exists)

2023-11-27 16:43:32 - [TEST_STEP][PASSED] - I start the application: I start the application

2023-11-27 16:43:32 - [MESSAGE][INFO] - Detected NodeJS location: "C:\Program Files\nodejs\node.exe"

2023-11-27 16:43:33 - [MESSAGE][INFO] - Appium server started on port 61.900

2023-11-27 16:43:41 - [MESSAGE][PASSED] - Started app at: 'C:\projetoTaes\code\app\build\outputs\apk\debug\app-debug.apk'

2023-11-27 16:43:41 - [MESSAGE][PASSED] - I start the application

2023-11-27 16:43:41 - [TEST_STEP][PASSED] - I dont have a vCard associated: I dont have a vCard associated

2023-11-27 16:43:41 - [MESSAGE][PASSED] - I dont have a vCard associated

2023-11-27 16:43:41 - [TEST_STEP][PASSED] - I insert an phone number that already has card: I insert an phone number that already has card

2023-11-27 16:43:41 - [MESSAGE][WARNING] - Timeout '0' is invalid. Using default page load timeout: '30'

2023-11-27 16:43:42 - [MESSAGE][PASSED] - Text '911000000' has been set to element 'Object Repository/android.widget.EditText (9)'

2023-11-27 16:43:42 - [MESSAGE][WARNING] - Timeout '0' is invalid. Using default page load timeout: '30'

2023-11-27 16:43:43 - [MESSAGE][PASSED] - Text '123' has been set to element 'Object Repository/android.widget.EditText (10)'

2023-11-27 16:43:43 - [MESSAGE][WARNING] - Timeout '0' is invalid. Using default page load timeout: '30'

2023-11-27 16:43:45 - [MESSAGE][PASSED] - Text '1234' has been set to element 'Object Repository/android.widget.EditText (11)'

2023-11-27 16:43:45 - [MESSAGE][PASSED] - I insert an phone number that already has card

2023-11-27 16:43:45 - [TEST_STEP][PASSED] - I tap the "create vCard" button: I tap the "create vCard" button

2023-11-27 16:43:45 - [MESSAGE][WARNING] - Timeout '0' is invalid. Using default page load timeout: '30'

2023-11-27 16:43:45 - [MESSAGE][PASSED] - Tapped on element 'Object Repository/android.widget.Button - Create VCard (2)'

2023-11-27 16:43:45 - [MESSAGE][PASSED] - I tap the "create vCard" button

2023-11-27 16:43:45 - [TEST_STEP][PASSED] - I can see "Phone number already exists" message error: I can see "Phone number already exists" message error

2023-11-27 16:43:47 - [MESSAGE][PASSED] - Close app successfully

2023-11-27 16:43:47 - [MESSAGE][PASSED] - I can see "Phone number already exists" message error

2023-11-27 16:43:47 - [TEST_CASE][PASSED] - Start Test Case : SCENARIO Create vCard Successfully: SCENARIO Create vCard Successfully

2023-11-27 16:43:47 - [TEST_STEP][PASSED] - I start the application: I start the application

2023-11-27 16:43:47 - [MESSAGE][INFO] - Detected NodeJS location: "C:\Program Files\nodejs\node.exe"

2023-11-27 16:43:48 - [MESSAGE][INFO] - Appium server started on port 62.068

2023-11-27 16:43:55 - [MESSAGE][PASSED] - Started app at: 'C:\projetoTaes\code\app\build\outputs\apk\debug\app-debug.apk'

2023-11-27 16:43:55 - [MESSAGE][PASSED] - I start the application

2023-11-27 16:43:55 - [TEST_STEP][PASSED] - I dont have a vCard associated: I dont have a vCard associated

2023-11-27 16:43:55 - [MESSAGE][PASSED] - I dont have a vCard associated

2023-11-27 16:43:55 - [TEST_STEP][PASSED] - I insert my credencials: I insert my credencials

2023-11-27 16:43:55 - [MESSAGE][WARNING] - Timeout '0' is invalid. Using default page load timeout: '30'

2023-11-27 16:43:56 - [MESSAGE][PASSED] - Text '911000001' has been set to element 'Object Repository/android.widget.EditText'

2023-11-27 16:43:56 - [MESSAGE][WARNING] - Timeout '0' is invalid. Using default page load timeout: '30'

2023-11-27 16:43:57 - [MESSAGE][PASSED] - Text '123' has been set to element 'Object Repository/android.widget.EditText (1)'

2023-11-27 16:43:58 - [MESSAGE][WARNING] - Timeout '0' is invalid. Using default page load timeout: '30'

2023-11-27 16:43:59 - [MESSAGE][PASSED] - Text '1234' has been set to element 'Object Repository/android.widget.EditText (2)'

2023-11-27 16:43:59 - [MESSAGE][PASSED] - I insert my credencials

2023-11-27 16:43:59 - [TEST_STEP][PASSED] - I tap the "create vCard" button: I tap the "create vCard" button

2023-11-27 16:43:59 - [MESSAGE][WARNING] - Timeout '0' is invalid. Using default page load timeout: '30'

2023-11-27 16:43:59 - [MESSAGE][PASSED] - Tapped on element 'Object Repository/android.widget.Button - Create VCard (2)'

2023-11-27 16:43:59 - [MESSAGE][PASSED] - I tap the "create vCard" button

2023-11-27 16:43:59 - [TEST_STEP][PASSED] - I can see  "vCard created" message: I can see  "vCard created" message

2023-11-27 16:44:01 - [MESSAGE][PASSED] - Close app successfully

2023-11-27 16:44:01 - [MESSAGE][PASSED] - I can see  "vCard created" message

2023-11-27 16:44:01 - [TEST_CASE][PASSED] - Start Test Case : SCENARIO Login Successfuly: SCENARIO Login Successfuly

2023-11-27 16:44:01 - [TEST_STEP][PASSED] - I start the application: I start the application

2023-11-27 16:44:01 - [MESSAGE][INFO] - Detected NodeJS location: "C:\Program Files\nodejs\node.exe"

2023-11-27 16:44:02 - [MESSAGE][INFO] - Appium server started on port 62.233

2023-11-27 16:44:09 - [MESSAGE][PASSED] - Started app at: 'C:\projetoTaes\code\app\build\outputs\apk\debug\app-debug.apk'

2023-11-27 16:44:09 - [MESSAGE][PASSED] - I start the application

2023-11-27 16:44:09 - [TEST_STEP][PASSED] - I have a vCard associated: I have a vCard associated

2023-11-27 16:44:09 - [MESSAGE][PASSED] - I have a vCard associated

2023-11-27 16:44:09 - [TEST_STEP][PASSED] - I insert my "pin code": I insert my "pin code"

2023-11-27 16:44:09 - [MESSAGE][WARNING] - Timeout '0' is invalid. Using default page load timeout: '30'

2023-11-27 16:44:10 - [MESSAGE][PASSED] - Text '1234' has been set to element 'Object Repository/android.widget.EditText (8)'

2023-11-27 16:44:10 - [MESSAGE][PASSED] - I insert my "pin code"

2023-11-27 16:44:10 - [TEST_STEP][PASSED] - I tap "Login" button: I tap "Login" button

2023-11-27 16:44:10 - [MESSAGE][WARNING] - Timeout '0' is invalid. Using default page load timeout: '30'

2023-11-27 16:44:11 - [MESSAGE][PASSED] - Tapped on element 'Object Repository/android.widget.Button - Login'

2023-11-27 16:44:11 - [MESSAGE][PASSED] - I tap "Login" button

2023-11-27 16:44:11 - [TEST_STEP][PASSED] - I have access to the dashboard: I have access to the dashboard

2023-11-27 16:44:13 - [MESSAGE][PASSED] - Close app successfully

2023-11-27 16:44:13 - [MESSAGE][PASSED] - I have access to the dashboard

2023-11-27 16:44:13 - [TEST_CASE][PASSED] - Start Test Case : SCENARIO Login Fail: SCENARIO Login Fail

2023-11-27 16:44:13 - [TEST_STEP][PASSED] - I start the application: I start the application

2023-11-27 16:44:14 - [MESSAGE][INFO] - Detected NodeJS location: "C:\Program Files\nodejs\node.exe"

2023-11-27 16:44:15 - [MESSAGE][INFO] - Appium server started on port 62.399

2023-11-27 16:44:24 - [MESSAGE][PASSED] - Started app at: 'C:\projetoTaes\code\app\build\outputs\apk\debug\app-debug.apk'

2023-11-27 16:44:24 - [MESSAGE][PASSED] - I start the application

2023-11-27 16:44:24 - [TEST_STEP][PASSED] - I have a vCard associated: I have a vCard associated

2023-11-27 16:44:24 - [MESSAGE][PASSED] - I have a vCard associated

2023-11-27 16:44:24 - [TEST_STEP][PASSED] - I insert the wrong "pin code": I insert the wrong "pin code"

2023-11-27 16:44:24 - [MESSAGE][WARNING] - Timeout '0' is invalid. Using default page load timeout: '30'

2023-11-27 16:44:25 - [MESSAGE][PASSED] - Text '11' has been set to element 'Object Repository/android.widget.EditText (8)'

2023-11-27 16:44:25 - [MESSAGE][PASSED] - I insert the wrong "pin code"

2023-11-27 16:44:25 - [TEST_STEP][PASSED] - I tap "Login" button: I tap "Login" button

2023-11-27 16:44:25 - [MESSAGE][WARNING] - Timeout '0' is invalid. Using default page load timeout: '30'

2023-11-27 16:44:26 - [MESSAGE][PASSED] - Tapped on element 'Object Repository/android.widget.Button - Login'

2023-11-27 16:44:26 - [MESSAGE][PASSED] - I tap "Login" button

2023-11-27 16:44:26 - [TEST_STEP][PASSED] - I can see   "Pin code error" message: I can see   "Pin code error" message

2023-11-27 16:44:27 - [MESSAGE][PASSED] - Close app successfully

2023-11-27 16:44:27 - [MESSAGE][PASSED] - I can see   "Pin code error" message

2023-11-27 16:44:27 - [MESSAGE][PASSED] - Feature file: 'Include/features/US1-CreateVCard/US1-CreateVCard.feature' was passed]]></system-out>
         <system-err><![CDATA[]]></system-err>
      </testcase>
      <testcase name="Test Cases/US3 - Check Balance on the dashboard/US3 - Check Balance on the dashboard" time="45.604" classname="Test Cases/US3 - Check Balance on the dashboard/US3 - Check Balance on the dashboard" status="PASSED">
         <system-out><![CDATA[2023-11-27 16:44:27 - [TEST_CASE][PASSED] - Test Cases/US3 - Check Balance on the dashboard/US3 - Check Balance on the dashboard: Test Cases/US3 - Check Balance on the dashboard/US3 - Check Balance on the dashboard

2023-11-27 16:44:28 - [TEST_STEP][PASSED] - runFeatureFile("Include/features/US3-CheckBalanceOnTheDashBoard/US3-CheckBalanceOnTheDashBoard.feature"): Feature file: 'Include/features/US3-CheckBalanceOnTheDashBoard/US3-CheckBalanceOnTheDashBoard.feature' was passed

2023-11-27 16:44:28 - [MESSAGE][INFO] - Starting run keyword runFeatureFile: 'Include/features/US3-CheckBalanceOnTheDashBoard/US3-CheckBalanceOnTheDashBoard.feature' and extract report to folder: 'C:\projetoTaes\tests\Reports\20231127_164311\TestSuit\20231127_164311/cucumber_report/1701103468295'...

2023-11-27 16:44:28 - [TEST_CASE][PASSED] - Start Test Case : SCENARIO Check positive balance: SCENARIO Check positive balance

2023-11-27 16:44:28 - [TEST_STEP][PASSED] - I start the application: I start the application

2023-11-27 16:44:28 - [MESSAGE][INFO] - Detected NodeJS location: "C:\Program Files\nodejs\node.exe"

2023-11-27 16:44:29 - [MESSAGE][INFO] - Appium server started on port 62.568

2023-11-27 16:44:37 - [MESSAGE][PASSED] - Started app at: 'C:\projetoTaes\code\app\build\outputs\apk\debug\app-debug.apk'

2023-11-27 16:44:37 - [MESSAGE][PASSED] - I start the application

2023-11-27 16:44:37 - [TEST_STEP][PASSED] - I have a vCard: I have a vCard

2023-11-27 16:44:37 - [MESSAGE][PASSED] - I have a vCard

2023-11-27 16:44:37 - [TEST_STEP][PASSED] - I insert my "pin code": I insert my "pin code"

2023-11-27 16:44:38 - [MESSAGE][WARNING] - Timeout '0' is invalid. Using default page load timeout: '30'

2023-11-27 16:44:39 - [MESSAGE][PASSED] - Text '1234' has been set to element 'Object Repository/android.widget.EditText (8)'

2023-11-27 16:44:39 - [MESSAGE][PASSED] - I insert my "pin code"

2023-11-27 16:44:39 - [TEST_STEP][PASSED] - I tap  the "Login" button: I tap  the "Login" button

2023-11-27 16:44:39 - [MESSAGE][WARNING] - Timeout '0' is invalid. Using default page load timeout: '30'

2023-11-27 16:44:40 - [MESSAGE][PASSED] - Tapped on element 'Object Repository/android.widget.Button - Login'

2023-11-27 16:44:40 - [MESSAGE][PASSED] - I tap  the "Login" button

2023-11-27 16:44:40 - [TEST_STEP][PASSED] - I can see my positive balance: I can see my positive balance

2023-11-27 16:44:42 - [MESSAGE][PASSED] - Text of element 'Object Repository/android.widget.TextView - 500.00' is: '500.00 €'

2023-11-27 16:44:42 - [MESSAGE][PASSED] - Actual object '500.00 €' and expected object '0.00 €' are not equal

2023-11-27 16:44:44 - [MESSAGE][PASSED] - Close app successfully

2023-11-27 16:44:44 - [MESSAGE][PASSED] - I can see my positive balance

2023-11-27 16:44:44 - [TEST_CASE][PASSED] - Start Test Case : SCENARIO Check balance is 0: SCENARIO Check balance is 0

2023-11-27 16:44:44 - [TEST_STEP][PASSED] - I start the application: I start the application

2023-11-27 16:44:44 - [MESSAGE][INFO] - Detected NodeJS location: "C:\Program Files\nodejs\node.exe"

2023-11-27 16:44:45 - [MESSAGE][INFO] - Appium server started on port 62.739

2023-11-27 16:44:53 - [MESSAGE][PASSED] - Started app at: 'C:\projetoTaes\code\app\build\outputs\apk\debug\app-debug.apk'

2023-11-27 16:44:53 - [MESSAGE][PASSED] - I start the application

2023-11-27 16:44:53 - [TEST_STEP][PASSED] - I have a vCard: I have a vCard

2023-11-27 16:44:53 - [MESSAGE][PASSED] - I have a vCard

2023-11-27 16:44:53 - [TEST_STEP][PASSED] - I insert my "pin code": I insert my "pin code"

2023-11-27 16:44:53 - [MESSAGE][WARNING] - Timeout '0' is invalid. Using default page load timeout: '30'

2023-11-27 16:44:55 - [MESSAGE][PASSED] - Text '1234' has been set to element 'Object Repository/android.widget.EditText (8)'

2023-11-27 16:44:55 - [MESSAGE][PASSED] - I insert my "pin code"

2023-11-27 16:44:55 - [TEST_STEP][PASSED] - I tap  the "Login" button: I tap  the "Login" button

2023-11-27 16:44:55 - [MESSAGE][WARNING] - Timeout '0' is invalid. Using default page load timeout: '30'

2023-11-27 16:44:56 - [MESSAGE][PASSED] - Tapped on element 'Object Repository/android.widget.Button - Login'

2023-11-27 16:44:56 - [MESSAGE][PASSED] - I tap  the "Login" button

2023-11-27 16:44:56 - [TEST_STEP][PASSED] - I can see my banlace is "0": I can see my banlace is "0"

2023-11-27 16:45:11 - [MESSAGE][PASSED] - Text of element 'Object Repository/android.widget.TextView - 0.00' is: '0.00 €'

2023-11-27 16:45:11 - [MESSAGE][PASSED] - Actual object '0.00 €' and expected object '0.00 €' are equal

2023-11-27 16:45:13 - [MESSAGE][PASSED] - Close app successfully

2023-11-27 16:45:13 - [MESSAGE][PASSED] - I can see my banlace is "0"

2023-11-27 16:45:13 - [MESSAGE][PASSED] - Feature file: 'Include/features/US3-CheckBalanceOnTheDashBoard/US3-CheckBalanceOnTheDashBoard.feature' was passed]]></system-out>
         <system-err><![CDATA[]]></system-err>
      </testcase>
      <testcase name="Test Cases/US4 - Check Piggy Bank Balance on the dashboard/US4 - Check Piggy Bank Balance on the dashboard" time="45.345" classname="Test Cases/US4 - Check Piggy Bank Balance on the dashboard/US4 - Check Piggy Bank Balance on the dashboard" status="PASSED">
         <system-out><![CDATA[2023-11-27 16:45:13 - [TEST_CASE][PASSED] - Test Cases/US4 - Check Piggy Bank Balance on the dashboard/US4 - Check Piggy Bank Balance on the dashboard: Test Cases/US4 - Check Piggy Bank Balance on the dashboard/US4 - Check Piggy Bank Balance on the dashboard

2023-11-27 16:45:13 - [TEST_STEP][PASSED] - runFeatureFile("Include/features/US4 -CheckPiggyBankBalanceOnTheDashboard/US4-CheckPiggyBankBalanceOnTheDashBoard.feature"): Feature file: 'Include/features/US4 -CheckPiggyBankBalanceOnTheDashboard/US4-CheckPiggyBankBalanceOnTheDashBoard.feature' was passed

2023-11-27 16:45:13 - [MESSAGE][INFO] - Starting run keyword runFeatureFile: 'Include/features/US4 -CheckPiggyBankBalanceOnTheDashboard/US4-CheckPiggyBankBalanceOnTheDashBoard.feature' and extract report to folder: 'C:\projetoTaes\tests\Reports\20231127_164311\TestSuit\20231127_164311/cucumber_report/1701103513902'...

2023-11-27 16:45:14 - [TEST_CASE][PASSED] - Start Test Case : SCENARIO Check piggy bank balance is present: SCENARIO Check piggy bank balance is present

2023-11-27 16:45:14 - [TEST_STEP][PASSED] - I start the application: I start the application

2023-11-27 16:45:14 - [MESSAGE][INFO] - Detected NodeJS location: "C:\Program Files\nodejs\node.exe"

2023-11-27 16:45:15 - [MESSAGE][INFO] - Appium server started on port 62.910

2023-11-27 16:45:23 - [MESSAGE][PASSED] - Started app at: 'C:\projetoTaes\code\app\build\outputs\apk\debug\app-debug.apk'

2023-11-27 16:45:23 - [MESSAGE][PASSED] - I start the application

2023-11-27 16:45:23 - [TEST_STEP][PASSED] - I have a vCard: I have a vCard

2023-11-27 16:45:23 - [MESSAGE][PASSED] - I have a vCard

2023-11-27 16:45:23 - [TEST_STEP][PASSED] - I insert my "pin code": I insert my "pin code"

2023-11-27 16:45:23 - [MESSAGE][WARNING] - Timeout '0' is invalid. Using default page load timeout: '30'

2023-11-27 16:45:24 - [MESSAGE][PASSED] - Text '1234' has been set to element 'Object Repository/android.widget.EditText (8)'

2023-11-27 16:45:24 - [MESSAGE][PASSED] - I insert my "pin code"

2023-11-27 16:45:24 - [TEST_STEP][PASSED] - I tap  the "Login" button: I tap  the "Login" button

2023-11-27 16:45:24 - [MESSAGE][WARNING] - Timeout '0' is invalid. Using default page load timeout: '30'

2023-11-27 16:45:25 - [MESSAGE][PASSED] - Tapped on element 'Object Repository/android.widget.Button - Login'

2023-11-27 16:45:25 - [MESSAGE][PASSED] - I tap  the "Login" button

2023-11-27 16:45:25 - [TEST_STEP][PASSED] - I can see my “piggyBank” balance: I can see my “piggyBank” balance

2023-11-27 16:45:27 - [MESSAGE][PASSED] - Text of element 'Object Repository/android.widget.TextView - 100.00' is: '100.00 €'

2023-11-27 16:45:27 - [MESSAGE][PASSED] - Actual object '100.00 €' and expected object '0.00 €' are not equal

2023-11-27 16:45:30 - [MESSAGE][PASSED] - Close app successfully

2023-11-27 16:45:30 - [MESSAGE][PASSED] - I can see my “piggyBank” balance

2023-11-27 16:45:30 - [TEST_CASE][PASSED] - Start Test Case : SCENARIO Check piggy bank balance is 0: SCENARIO Check piggy bank balance is 0

2023-11-27 16:45:30 - [TEST_STEP][PASSED] - I start the application: I start the application

2023-11-27 16:45:30 - [MESSAGE][INFO] - Detected NodeJS location: "C:\Program Files\nodejs\node.exe"

2023-11-27 16:45:31 - [MESSAGE][INFO] - Appium server started on port 63.080

2023-11-27 16:45:39 - [MESSAGE][PASSED] - Started app at: 'C:\projetoTaes\code\app\build\outputs\apk\debug\app-debug.apk'

2023-11-27 16:45:39 - [MESSAGE][PASSED] - I start the application

2023-11-27 16:45:39 - [TEST_STEP][PASSED] - I have a vCard: I have a vCard

2023-11-27 16:45:39 - [MESSAGE][PASSED] - I have a vCard

2023-11-27 16:45:39 - [TEST_STEP][PASSED] - I insert my "pin code": I insert my "pin code"

2023-11-27 16:45:39 - [MESSAGE][WARNING] - Timeout '0' is invalid. Using default page load timeout: '30'

2023-11-27 16:45:40 - [MESSAGE][PASSED] - Text '1234' has been set to element 'Object Repository/android.widget.EditText (8)'

2023-11-27 16:45:40 - [MESSAGE][PASSED] - I insert my "pin code"

2023-11-27 16:45:40 - [TEST_STEP][PASSED] - I tap  the "Login" button: I tap  the "Login" button

2023-11-27 16:45:40 - [MESSAGE][WARNING] - Timeout '0' is invalid. Using default page load timeout: '30'

2023-11-27 16:45:41 - [MESSAGE][PASSED] - Tapped on element 'Object Repository/android.widget.Button - Login'

2023-11-27 16:45:41 - [MESSAGE][PASSED] - I tap  the "Login" button

2023-11-27 16:45:41 - [TEST_STEP][PASSED] - I can see my piggy bank balance is "0.00 €": I can see my piggy bank balance is "0.00 €"

2023-11-27 16:45:56 - [MESSAGE][PASSED] - Text of element 'Object Repository/android.widget.TextView - 0.00 (1)' is: '0.00 €'

2023-11-27 16:45:56 - [MESSAGE][PASSED] - Actual object '0.00 €' and expected object '0.00 €' are equal

2023-11-27 16:45:58 - [MESSAGE][PASSED] - Close app successfully

2023-11-27 16:45:58 - [MESSAGE][PASSED] - I can see my piggy bank balance is "0.00 €"

2023-11-27 16:45:58 - [MESSAGE][PASSED] - Feature file: 'Include/features/US4 -CheckPiggyBankBalanceOnTheDashboard/US4-CheckPiggyBankBalanceOnTheDashBoard.feature' was passed]]></system-out>
         <system-err><![CDATA[]]></system-err>
      </testcase>
      <testcase name="Test Cases/US5 - Deposit Money on the Piggy bank/US5 - Deposit Money on the Piggy bank" time="35.761" classname="Test Cases/US5 - Deposit Money on the Piggy bank/US5 - Deposit Money on the Piggy bank" status="PASSED">
         <system-out><![CDATA[2023-11-27 16:45:58 - [TEST_CASE][PASSED] - Test Cases/US5 - Deposit Money on the Piggy bank/US5 - Deposit Money on the Piggy bank: Test Cases/US5 - Deposit Money on the Piggy bank/US5 - Deposit Money on the Piggy bank

2023-11-27 16:45:59 - [TEST_STEP][PASSED] - runFeatureFile("Include/features/US5-DepositMoneyOnThePiggyBank/DepositMoneyOnThePiggyBank.feature"): Feature file: 'Include/features/US5-DepositMoneyOnThePiggyBank/DepositMoneyOnThePiggyBank.feature' was passed

2023-11-27 16:45:59 - [MESSAGE][INFO] - Starting run keyword runFeatureFile: 'Include/features/US5-DepositMoneyOnThePiggyBank/DepositMoneyOnThePiggyBank.feature' and extract report to folder: 'C:\projetoTaes\tests\Reports\20231127_164311\TestSuit\20231127_164311/cucumber_report/1701103559246'...

2023-11-27 16:45:59 - [TEST_CASE][PASSED] - Start Test Case : SCENARIO Deposit a valid amount of money on the Piggy bank: SCENARIO Deposit a valid amount of money on the Piggy bank

2023-11-27 16:45:59 - [TEST_STEP][PASSED] - I start the application: I start the application

2023-11-27 16:45:59 - [MESSAGE][INFO] - Detected NodeJS location: "C:\Program Files\nodejs\node.exe"

2023-11-27 16:46:00 - [MESSAGE][INFO] - Appium server started on port 63.252

2023-11-27 16:46:07 - [MESSAGE][PASSED] - Started app at: 'C:\projetoTaes\code\app\build\outputs\apk\debug\app-debug.apk'

2023-11-27 16:46:07 - [MESSAGE][PASSED] - I start the application

2023-11-27 16:46:07 - [TEST_STEP][PASSED] - I have a vCard: I have a vCard

2023-11-27 16:46:07 - [MESSAGE][PASSED] - I have a vCard

2023-11-27 16:46:07 - [TEST_STEP][PASSED] - I insert my "pin code": I insert my "pin code"

2023-11-27 16:46:07 - [MESSAGE][WARNING] - Timeout '0' is invalid. Using default page load timeout: '30'

2023-11-27 16:46:09 - [MESSAGE][PASSED] - Text '1234' has been set to element 'Object Repository/android.widget.EditText (8)'

2023-11-27 16:46:09 - [MESSAGE][PASSED] - I insert my "pin code"

2023-11-27 16:46:09 - [TEST_STEP][PASSED] - I tap the  "Login" button: I tap the  "Login" button

2023-11-27 16:46:09 - [MESSAGE][WARNING] - Timeout '0' is invalid. Using default page load timeout: '30'

2023-11-27 16:46:10 - [MESSAGE][PASSED] - Tapped on element 'Object Repository/android.widget.Button - Login'

2023-11-27 16:46:10 - [MESSAGE][PASSED] - I tap the  "Login" button

2023-11-27 16:46:10 - [TEST_STEP][PASSED] - I tap the  "PiggyBank"  button: I tap the  "PiggyBank"  button

2023-11-27 16:46:10 - [MESSAGE][WARNING] - Timeout '0' is invalid. Using default page load timeout: '30'

2023-11-27 16:46:12 - [MESSAGE][PASSED] - Tapped on element 'Object Repository/android.widget.ImageButtonPiggyBank'

2023-11-27 16:46:12 - [MESSAGE][PASSED] - I tap the  "PiggyBank"  button

2023-11-27 16:46:12 - [TEST_STEP][PASSED] - I insert a valid amount of money: I insert a valid amount of money

2023-11-27 16:46:12 - [MESSAGE][WARNING] - Timeout '0' is invalid. Using default page load timeout: '30'

2023-11-27 16:46:14 - [MESSAGE][PASSED] - Text '100.00' has been set to element 'Object Repository/android.widget.EditText - Money'

2023-11-27 16:46:14 - [MESSAGE][PASSED] - I insert a valid amount of money

2023-11-27 16:46:14 - [TEST_STEP][PASSED] - I tap on "Add" button: I tap on "Add" button

2023-11-27 16:46:15 - [MESSAGE][WARNING] - Timeout '0' is invalid. Using default page load timeout: '30'

2023-11-27 16:46:15 - [MESSAGE][PASSED] - Tapped on element 'Object Repository/android.widget.Button - Add (2)'

2023-11-27 16:46:15 - [MESSAGE][PASSED] - I tap on "Add" button

2023-11-27 16:46:15 - [TEST_STEP][PASSED] - I can see the money addded on the Piggy bank: I can see the money addded on the Piggy bank

2023-11-27 16:46:15 - [MESSAGE][WARNING] - Timeout '0' is invalid. Using default page load timeout: '30'

2023-11-27 16:46:16 - [MESSAGE][PASSED] - Element 'Object Repository/android.widget.TextView - PiggyBank balance 100.00' is exist

2023-11-27 16:46:16 - [MESSAGE][PASSED] - Close app successfully

2023-11-27 16:46:18 - [MESSAGE][PASSED] - I can see the money addded on the Piggy bank

2023-11-27 16:46:18 - [TEST_CASE][PASSED] - Start Test Case : SCENARIO Deposit an invalid amount of money on the Piggy bank: SCENARIO Deposit an invalid amount of money on the Piggy bank

2023-11-27 16:46:18 - [TEST_STEP][PASSED] - I start the application: I start the application

2023-11-27 16:46:18 - [MESSAGE][INFO] - Detected NodeJS location: "C:\Program Files\nodejs\node.exe"

2023-11-27 16:46:19 - [MESSAGE][INFO] - Appium server started on port 63.425

2023-11-27 16:46:27 - [MESSAGE][PASSED] - Started app at: 'C:\projetoTaes\code\app\build\outputs\apk\debug\app-debug.apk'

2023-11-27 16:46:27 - [MESSAGE][PASSED] - I start the application

2023-11-27 16:46:27 - [TEST_STEP][PASSED] - I have a vCard: I have a vCard

2023-11-27 16:46:27 - [MESSAGE][PASSED] - I have a vCard

2023-11-27 16:46:27 - [TEST_STEP][PASSED] - I insert my "pin code": I insert my "pin code"

2023-11-27 16:46:27 - [MESSAGE][WARNING] - Timeout '0' is invalid. Using default page load timeout: '30'

2023-11-27 16:46:28 - [MESSAGE][PASSED] - Text '1234' has been set to element 'Object Repository/android.widget.EditText (8)'

2023-11-27 16:46:28 - [MESSAGE][PASSED] - I insert my "pin code"

2023-11-27 16:46:28 - [TEST_STEP][PASSED] - I tap the  "Login" button: I tap the  "Login" button

2023-11-27 16:46:28 - [MESSAGE][WARNING] - Timeout '0' is invalid. Using default page load timeout: '30'

2023-11-27 16:46:29 - [MESSAGE][PASSED] - Tapped on element 'Object Repository/android.widget.Button - Login'

2023-11-27 16:46:29 - [MESSAGE][PASSED] - I tap the  "Login" button

2023-11-27 16:46:29 - [TEST_STEP][PASSED] - I tap the  "PiggyBank"  button: I tap the  "PiggyBank"  button

2023-11-27 16:46:29 - [MESSAGE][WARNING] - Timeout '0' is invalid. Using default page load timeout: '30'

2023-11-27 16:46:31 - [MESSAGE][PASSED] - Tapped on element 'Object Repository/android.widget.ImageButtonPiggyBank'

2023-11-27 16:46:31 - [MESSAGE][PASSED] - I tap the  "PiggyBank"  button

2023-11-27 16:46:31 - [TEST_STEP][PASSED] - I insert an invalid amount of money: I insert an invalid amount of money

2023-11-27 16:46:31 - [MESSAGE][WARNING] - Timeout '0' is invalid. Using default page load timeout: '30'

2023-11-27 16:46:34 - [MESSAGE][PASSED] - Text '0.00' has been set to element 'Object Repository/android.widget.EditText - Money'

2023-11-27 16:46:34 - [MESSAGE][PASSED] - I insert an invalid amount of money

2023-11-27 16:46:34 - [TEST_STEP][PASSED] - I can’t see the “Add” button: I can’t see the “Add” button

2023-11-27 16:46:34 - [MESSAGE][PASSED] - Close app successfully

2023-11-27 16:46:34 - [MESSAGE][PASSED] - I can’t see the “Add” button

2023-11-27 16:46:34 - [MESSAGE][PASSED] - Feature file: 'Include/features/US5-DepositMoneyOnThePiggyBank/DepositMoneyOnThePiggyBank.feature' was passed]]></system-out>
         <system-err><![CDATA[]]></system-err>
      </testcase>
      <testcase name="Test Cases/US6- Withdraw Money on the Piggy Bank/Withdraw Money on the Piggy Bank" time="39.342" classname="Test Cases/US6- Withdraw Money on the Piggy Bank/Withdraw Money on the Piggy Bank" status="PASSED">
         <system-out><![CDATA[2023-11-27 16:46:34 - [TEST_CASE][PASSED] - Test Cases/US6- Withdraw Money on the Piggy Bank/Withdraw Money on the Piggy Bank: Test Cases/US6- Withdraw Money on the Piggy Bank/Withdraw Money on the Piggy Bank

2023-11-27 16:46:35 - [TEST_STEP][PASSED] - runFeatureFile("Include/features/US6-WithdrawMoneyOnThePiggyBank/US6-WithdrawMoneyOnThePiggyBank.feature"): Feature file: 'Include/features/US6-WithdrawMoneyOnThePiggyBank/US6-WithdrawMoneyOnThePiggyBank.feature' was passed

2023-11-27 16:46:35 - [MESSAGE][INFO] - Starting run keyword runFeatureFile: 'Include/features/US6-WithdrawMoneyOnThePiggyBank/US6-WithdrawMoneyOnThePiggyBank.feature' and extract report to folder: 'C:\projetoTaes\tests\Reports\20231127_164311\TestSuit\20231127_164311/cucumber_report/1701103595001'...

2023-11-27 16:46:35 - [TEST_CASE][PASSED] - Start Test Case : SCENARIO Withdraw a valid amount of money on the Piggy bank: SCENARIO Withdraw a valid amount of money on the Piggy bank

2023-11-27 16:46:35 - [TEST_STEP][PASSED] - I start the application: I start the application

2023-11-27 16:46:35 - [MESSAGE][INFO] - Detected NodeJS location: "C:\Program Files\nodejs\node.exe"

2023-11-27 16:46:36 - [MESSAGE][INFO] - Appium server started on port 63.594

2023-11-27 16:46:44 - [MESSAGE][PASSED] - Started app at: 'C:\projetoTaes\code\app\build\outputs\apk\debug\app-debug.apk'

2023-11-27 16:46:44 - [MESSAGE][PASSED] - I start the application

2023-11-27 16:46:44 - [TEST_STEP][PASSED] - I have a vCard: I have a vCard

2023-11-27 16:46:44 - [MESSAGE][PASSED] - I have a vCard

2023-11-27 16:46:44 - [TEST_STEP][PASSED] - I insert my "pin code": I insert my "pin code"

2023-11-27 16:46:44 - [MESSAGE][WARNING] - Timeout '0' is invalid. Using default page load timeout: '30'

2023-11-27 16:46:45 - [MESSAGE][PASSED] - Text '1234' has been set to element 'Object Repository/android.widget.EditText (8)'

2023-11-27 16:46:45 - [MESSAGE][PASSED] - I insert my "pin code"

2023-11-27 16:46:45 - [TEST_STEP][PASSED] - I tap the  "Login" button: I tap the  "Login" button

2023-11-27 16:46:45 - [MESSAGE][WARNING] - Timeout '0' is invalid. Using default page load timeout: '30'

2023-11-27 16:46:46 - [MESSAGE][PASSED] - Tapped on element 'Object Repository/android.widget.Button - Login'

2023-11-27 16:46:46 - [MESSAGE][PASSED] - I tap the  "Login" button

2023-11-27 16:46:46 - [TEST_STEP][PASSED] - I tap the  "PiggyBank"  button: I tap the  "PiggyBank"  button

2023-11-27 16:46:46 - [MESSAGE][WARNING] - Timeout '0' is invalid. Using default page load timeout: '30'

2023-11-27 16:46:48 - [MESSAGE][PASSED] - Tapped on element 'Object Repository/android.widget.ImageButtonPiggyBank'

2023-11-27 16:46:48 - [MESSAGE][PASSED] - I tap the  "PiggyBank"  button

2023-11-27 16:46:48 - [TEST_STEP][PASSED] - I insert a valid amount of money: I insert a valid amount of money

2023-11-27 16:46:48 - [MESSAGE][WARNING] - Timeout '0' is invalid. Using default page load timeout: '30'

2023-11-27 16:46:50 - [MESSAGE][PASSED] - Text '100.00' has been set to element 'Object Repository/android.widget.EditText - Money'

2023-11-27 16:46:50 - [MESSAGE][PASSED] - I insert a valid amount of money

2023-11-27 16:46:50 - [TEST_STEP][PASSED] - I tap on "Remove"   button: I tap on "Remove"   button

2023-11-27 16:46:53 - [MESSAGE][WARNING] - Timeout '0' is invalid. Using default page load timeout: '30'

2023-11-27 16:46:54 - [MESSAGE][PASSED] - Tapped on element 'Object Repository/android.widget.Button - Remove (2)'

2023-11-27 16:46:54 - [MESSAGE][PASSED] - I tap on "Remove"   button

2023-11-27 16:46:54 - [TEST_STEP][PASSED] - I can see the money removed on the Piggy bank: I can see the money removed on the Piggy bank

2023-11-27 16:46:57 - [MESSAGE][WARNING] - Timeout '0' is invalid. Using default page load timeout: '30'

2023-11-27 16:46:57 - [MESSAGE][PASSED] - Element 'Object Repository/android.widget.TextView - Available balance 400.0 (1)' is exist

2023-11-27 16:46:57 - [MESSAGE][PASSED] - Close app successfully

2023-11-27 16:46:57 - [MESSAGE][PASSED] - I can see the money removed on the Piggy bank

2023-11-27 16:46:57 - [TEST_CASE][PASSED] - Start Test Case : SCENARIO Withdraw an invalid amount of money on the Piggy bank: SCENARIO Withdraw an invalid amount of money on the Piggy bank

2023-11-27 16:46:57 - [TEST_STEP][PASSED] - I start the application: I start the application

2023-11-27 16:46:57 - [MESSAGE][INFO] - Detected NodeJS location: "C:\Program Files\nodejs\node.exe"

2023-11-27 16:46:58 - [MESSAGE][INFO] - Appium server started on port 63.774

2023-11-27 16:47:06 - [MESSAGE][PASSED] - Started app at: 'C:\projetoTaes\code\app\build\outputs\apk\debug\app-debug.apk'

2023-11-27 16:47:06 - [MESSAGE][PASSED] - I start the application

2023-11-27 16:47:06 - [TEST_STEP][PASSED] - I have a vCard: I have a vCard

2023-11-27 16:47:06 - [MESSAGE][PASSED] - I have a vCard

2023-11-27 16:47:06 - [TEST_STEP][PASSED] - I insert my "pin code": I insert my "pin code"

2023-11-27 16:47:06 - [MESSAGE][WARNING] - Timeout '0' is invalid. Using default page load timeout: '30'

2023-11-27 16:47:08 - [MESSAGE][PASSED] - Text '1234' has been set to element 'Object Repository/android.widget.EditText (8)'

2023-11-27 16:47:08 - [MESSAGE][PASSED] - I insert my "pin code"

2023-11-27 16:47:08 - [TEST_STEP][PASSED] - I tap the  "Login" button: I tap the  "Login" button

2023-11-27 16:47:08 - [MESSAGE][WARNING] - Timeout '0' is invalid. Using default page load timeout: '30'

2023-11-27 16:47:09 - [MESSAGE][PASSED] - Tapped on element 'Object Repository/android.widget.Button - Login'

2023-11-27 16:47:09 - [MESSAGE][PASSED] - I tap the  "Login" button

2023-11-27 16:47:09 - [TEST_STEP][PASSED] - I tap the  "PiggyBank"  button: I tap the  "PiggyBank"  button

2023-11-27 16:47:09 - [MESSAGE][WARNING] - Timeout '0' is invalid. Using default page load timeout: '30'

2023-11-27 16:47:11 - [MESSAGE][PASSED] - Tapped on element 'Object Repository/android.widget.ImageButtonPiggyBank'

2023-11-27 16:47:11 - [MESSAGE][PASSED] - I tap the  "PiggyBank"  button

2023-11-27 16:47:11 - [TEST_STEP][PASSED] - I insert an invalid amount of money: I insert an invalid amount of money

2023-11-27 16:47:11 - [MESSAGE][WARNING] - Timeout '0' is invalid. Using default page load timeout: '30'

2023-11-27 16:47:13 - [MESSAGE][PASSED] - Text '0.00' has been set to element 'Object Repository/android.widget.EditText - Money'

2023-11-27 16:47:13 - [MESSAGE][PASSED] - I insert an invalid amount of money

2023-11-27 16:47:13 - [TEST_STEP][PASSED] - I can’t see “Remove” button: I can’t see “Remove” button

2023-11-27 16:47:14 - [MESSAGE][PASSED] - Close app successfully

2023-11-27 16:47:14 - [MESSAGE][PASSED] - I can’t see “Remove” button

2023-11-27 16:47:14 - [MESSAGE][PASSED] - Feature file: 'Include/features/US6-WithdrawMoneyOnThePiggyBank/US6-WithdrawMoneyOnThePiggyBank.feature' was passed]]></system-out>
         <system-err><![CDATA[]]></system-err>
      </testcase>
      <testcase name="Test Cases/US7- List Of Contacts Page/ListOfContactsPage" time="56.282" classname="Test Cases/US7- List Of Contacts Page/ListOfContactsPage" status="FAILED">
         <failure type="FAILED" message="Test Cases/US7- List Of Contacts Page/ListOfContactsPage FAILED.
Reason:
com.kms.katalon.core.exception.StepFailedException: Keyword runFeatureFile was failed (Root cause: java.lang.RuntimeException: java.io.IOException: O identificador é inválido
	at cucumber.api.formatter.NiceAppendable.tryFlush(NiceAppendable.java:82)
	at cucumber.api.formatter.NiceAppendable.append(NiceAppendable.java:21)
	at cucumber.runtime.formatter.CucumberReporter.finishReport(CucumberReporter.java:265)
	at cucumber.runtime.formatter.CucumberReporter.access$4(CucumberReporter.java:264)
	at cucumber.runtime.formatter.CucumberReporter$5.receive(CucumberReporter.java:93)
	at cucumber.runtime.formatter.CucumberReporter$5.receive(CucumberReporter.java:1)
	at cucumber.runner.EventBus.send(EventBus.java:28)
	at cucumber.runtime.Runtime.run(Runtime.java:109)
	at cucumber.api.cli.Main.run(Main.java:35)
	at cucumber.api.cli.Main$run.call(Unknown Source)
	at com.kms.katalon.core.cucumber.keyword.CucumberBuiltinKeywords$_runFeatureFile_closure1.doCall(CucumberBuiltinKeywords.groovy:108)
	at com.kms.katalon.core.cucumber.keyword.CucumberBuiltinKeywords$_runFeatureFile_closure1.doCall(CucumberBuiltinKeywords.groovy)
	at com.kms.katalon.core.keyword.internal.KeywordMain.runKeyword(KeywordMain.groovy:75)
	at com.kms.katalon.core.keyword.internal.KeywordMain.runKeyword(KeywordMain.groovy:69)
	at com.kms.katalon.core.keyword.internal.KeywordMain$runKeyword.call(Unknown Source)
	at com.kms.katalon.core.cucumber.keyword.CucumberBuiltinKeywords.runFeatureFile(CucumberBuiltinKeywords.groovy:75)
	at com.kms.katalon.core.cucumber.keyword.CucumberBuiltinKeywords$runFeatureFile$0.callStatic(Unknown Source)
	at com.kms.katalon.core.cucumber.keyword.CucumberBuiltinKeywords.runFeatureFile(CucumberBuiltinKeywords.groovy:248)
	at com.kms.katalon.core.cucumber.keyword.CucumberBuiltinKeywords$runFeatureFile.call(Unknown Source)
	at ListOfContactsPage.run(ListOfContactsPage:39)
	at com.kms.katalon.core.main.ScriptEngine.run(ScriptEngine.java:194)
	at com.kms.katalon.core.main.ScriptEngine.runScriptAsRawText(ScriptEngine.java:119)
	at com.kms.katalon.core.main.TestCaseExecutor.runScript(TestCaseExecutor.java:448)
	at com.kms.katalon.core.main.TestCaseExecutor.doExecute(TestCaseExecutor.java:439)
	at com.kms.katalon.core.main.TestCaseExecutor.processExecutionPhase(TestCaseExecutor.java:418)
	at com.kms.katalon.core.main.TestCaseExecutor.accessMainPhase(TestCaseExecutor.java:410)
	at com.kms.katalon.core.main.TestCaseExecutor.execute(TestCaseExecutor.java:285)
	at com.kms.katalon.core.common.CommonExecutor.accessTestCaseMainPhase(CommonExecutor.java:65)
	at com.kms.katalon.core.main.TestSuiteExecutor.accessTestSuiteMainPhase(TestSuiteExecutor.java:148)
	at com.kms.katalon.core.main.TestSuiteExecutor.execute(TestSuiteExecutor.java:106)
	at com.kms.katalon.core.main.TestCaseMain.startTestSuite(TestCaseMain.java:187)
	at com.kms.katalon.core.main.TestCaseMain$startTestSuite$0.call(Unknown Source)
	at TempTestSuite1701103391119.run(TempTestSuite1701103391119.groovy:36)
Caused by: java.io.IOException: O identificador é inválido
	at cucumber.runtime.io.URLOutputStream.write(URLOutputStream.java:60)
	at cucumber.api.formatter.NiceAppendable.tryFlush(NiceAppendable.java:80)
	at cucumber.api.formatter.NiceAppendable.append(NiceAppendable.java:21)
	at cucumber.runtime.formatter.CucumberReporter.finishReport(CucumberReporter.java:265)
	at cucumber.runtime.formatter.CucumberReporter.access$4(CucumberReporter.java:264)
	at cucumber.runtime.formatter.CucumberReporter$5.receive(CucumberReporter.java:93)
	at cucumber.runtime.formatter.CucumberReporter$5.receive(CucumberReporter.java:1)
	at cucumber.runner.EventBus.send(EventBus.java:28)
	at cucumber.runtime.Runtime.run(Runtime.java:109)
	at cucumber.api.cli.Main.run(Main.java:35)
	at cucumber.api.cli.Main$run.call(Unknown Source)
	at com.kms.katalon.core.cucumber.keyword.CucumberBuiltinKeywords$_runFeatureFile_closure1.doCall(CucumberBuiltinKeywords.groovy:108)
	at com.kms.katalon.core.cucumber.keyword.CucumberBuiltinKeywords$_runFeatureFile_closure1.doCall(CucumberBuiltinKeywords.groovy)
	at com.kms.katalon.core.keyword.internal.KeywordMain.runKeyword(KeywordMain.groovy:75)
	at com.kms.katalon.core.keyword.internal.KeywordMain.runKeyword(KeywordMain.groovy:69)
	at com.kms.katalon.core.keyword.internal.KeywordMain$runKeyword.call(Unknown Source)
	at com.kms.katalon.core.cucumber.keyword.CucumberBuiltinKeywords.runFeatureFile(CucumberBuiltinKeywords.groovy:75)
	at com.kms.katalon.core.cucumber.keyword.CucumberBuiltinKeywords$runFeatureFile$0.callStatic(Unknown Source)
	at com.kms.katalon.core.cucumber.keyword.CucumberBuiltinKeywords.runFeatureFile(CucumberBuiltinKeywords.groovy:248)
	at com.kms.katalon.core.cucumber.keyword.CucumberBuiltinKeywords$runFeatureFile.call(Unknown Source)
	at Script1700434457840.run(Script1700434457840.groovy:39)
	... 13 more
)
	at com.kms.katalon.core.keyword.internal.KeywordMain.stepFailed(KeywordMain.groovy:51)
	at com.kms.katalon.core.keyword.internal.KeywordMain.stepFailed(KeywordMain.groovy)
	at com.kms.katalon.core.keyword.internal.KeywordMain.runKeyword(KeywordMain.groovy:77)
	at com.kms.katalon.core.keyword.internal.KeywordMain.runKeyword(KeywordMain.groovy:69)
	at com.kms.katalon.core.keyword.internal.KeywordMain$runKeyword.call(Unknown Source)
	at com.kms.katalon.core.cucumber.keyword.CucumberBuiltinKeywords.runFeatureFile(CucumberBuiltinKeywords.groovy:75)
	at com.kms.katalon.core.cucumber.keyword.CucumberBuiltinKeywords$runFeatureFile$0.callStatic(Unknown Source)
	at com.kms.katalon.core.cucumber.keyword.CucumberBuiltinKeywords.runFeatureFile(CucumberBuiltinKeywords.groovy:248)
	at com.kms.katalon.core.cucumber.keyword.CucumberBuiltinKeywords$runFeatureFile.call(Unknown Source)
	at ListOfContactsPage.run(ListOfContactsPage:39)
	at com.kms.katalon.core.main.ScriptEngine.run(ScriptEngine.java:194)
	at com.kms.katalon.core.main.ScriptEngine.runScriptAsRawText(ScriptEngine.java:119)
	at com.kms.katalon.core.main.TestCaseExecutor.runScript(TestCaseExecutor.java:448)
	at com.kms.katalon.core.main.TestCaseExecutor.doExecute(TestCaseExecutor.java:439)
	at com.kms.katalon.core.main.TestCaseExecutor.processExecutionPhase(TestCaseExecutor.java:418)
	at com.kms.katalon.core.main.TestCaseExecutor.accessMainPhase(TestCaseExecutor.java:410)
	at com.kms.katalon.core.main.TestCaseExecutor.execute(TestCaseExecutor.java:285)
	at com.kms.katalon.core.common.CommonExecutor.accessTestCaseMainPhase(CommonExecutor.java:65)
	at com.kms.katalon.core.main.TestSuiteExecutor.accessTestSuiteMainPhase(TestSuiteExecutor.java:148)
	at com.kms.katalon.core.main.TestSuiteExecutor.execute(TestSuiteExecutor.java:106)
	at com.kms.katalon.core.main.TestCaseMain.startTestSuite(TestCaseMain.java:187)
	at com.kms.katalon.core.main.TestCaseMain$startTestSuite$0.call(Unknown Source)
	at TempTestSuite1701103391119.run(TempTestSuite1701103391119.groovy:36)
Caused by: java.lang.RuntimeException: java.io.IOException: O identificador é inválido
	at cucumber.api.formatter.NiceAppendable.tryFlush(NiceAppendable.java:82)
	at cucumber.api.formatter.NiceAppendable.append(NiceAppendable.java:21)
	at cucumber.runtime.formatter.CucumberReporter.finishReport(CucumberReporter.java:265)
	at cucumber.runtime.formatter.CucumberReporter.access$4(CucumberReporter.java:264)
	at cucumber.runtime.formatter.CucumberReporter$5.receive(CucumberReporter.java:93)
	at cucumber.runtime.formatter.CucumberReporter$5.receive(CucumberReporter.java:1)
	at cucumber.runner.EventBus.send(EventBus.java:28)
	at cucumber.runtime.Runtime.run(Runtime.java:109)
	at cucumber.api.cli.Main.run(Main.java:35)
	at cucumber.api.cli.Main$run.call(Unknown Source)
	at com.kms.katalon.core.cucumber.keyword.CucumberBuiltinKeywords$_runFeatureFile_closure1.doCall(CucumberBuiltinKeywords.groovy:108)
	at com.kms.katalon.core.cucumber.keyword.CucumberBuiltinKeywords$_runFeatureFile_closure1.doCall(CucumberBuiltinKeywords.groovy)
	at com.kms.katalon.core.keyword.internal.KeywordMain.runKeyword(KeywordMain.groovy:75)
	... 20 more
Caused by: java.io.IOException: O identificador é inválido
	at cucumber.runtime.io.URLOutputStream.write(URLOutputStream.java:60)
	at cucumber.api.formatter.NiceAppendable.tryFlush(NiceAppendable.java:80)
	... 32 more
"/>
         <system-out><![CDATA[2023-11-27 16:47:14 - [TEST_CASE][FAILED] - Test Cases/US7- List Of Contacts Page/ListOfContactsPage: Test Cases/US7- List Of Contacts Page/ListOfContactsPage FAILED.
Reason:
com.kms.katalon.core.exception.StepFailedException: Keyword runFeatureFile was failed (Root cause: java.lang.RuntimeException: java.io.IOException: O identificador é inválido
	at cucumber.api.formatter.NiceAppendable.tryFlush(NiceAppendable.java:82)
	at cucumber.api.formatter.NiceAppendable.append(NiceAppendable.java:21)
	at cucumber.runtime.formatter.CucumberReporter.finishReport(CucumberReporter.java:265)
	at cucumber.runtime.formatter.CucumberReporter.access$4(CucumberReporter.java:264)
	at cucumber.runtime.formatter.CucumberReporter$5.receive(CucumberReporter.java:93)
	at cucumber.runtime.formatter.CucumberReporter$5.receive(CucumberReporter.java:1)
	at cucumber.runner.EventBus.send(EventBus.java:28)
	at cucumber.runtime.Runtime.run(Runtime.java:109)
	at cucumber.api.cli.Main.run(Main.java:35)
	at cucumber.api.cli.Main$run.call(Unknown Source)
	at com.kms.katalon.core.cucumber.keyword.CucumberBuiltinKeywords$_runFeatureFile_closure1.doCall(CucumberBuiltinKeywords.groovy:108)
	at com.kms.katalon.core.cucumber.keyword.CucumberBuiltinKeywords$_runFeatureFile_closure1.doCall(CucumberBuiltinKeywords.groovy)
	at com.kms.katalon.core.keyword.internal.KeywordMain.runKeyword(KeywordMain.groovy:75)
	at com.kms.katalon.core.keyword.internal.KeywordMain.runKeyword(KeywordMain.groovy:69)
	at com.kms.katalon.core.keyword.internal.KeywordMain$runKeyword.call(Unknown Source)
	at com.kms.katalon.core.cucumber.keyword.CucumberBuiltinKeywords.runFeatureFile(CucumberBuiltinKeywords.groovy:75)
	at com.kms.katalon.core.cucumber.keyword.CucumberBuiltinKeywords$runFeatureFile$0.callStatic(Unknown Source)
	at com.kms.katalon.core.cucumber.keyword.CucumberBuiltinKeywords.runFeatureFile(CucumberBuiltinKeywords.groovy:248)
	at com.kms.katalon.core.cucumber.keyword.CucumberBuiltinKeywords$runFeatureFile.call(Unknown Source)
	at ListOfContactsPage.run(ListOfContactsPage:39)
	at com.kms.katalon.core.main.ScriptEngine.run(ScriptEngine.java:194)
	at com.kms.katalon.core.main.ScriptEngine.runScriptAsRawText(ScriptEngine.java:119)
	at com.kms.katalon.core.main.TestCaseExecutor.runScript(TestCaseExecutor.java:448)
	at com.kms.katalon.core.main.TestCaseExecutor.doExecute(TestCaseExecutor.java:439)
	at com.kms.katalon.core.main.TestCaseExecutor.processExecutionPhase(TestCaseExecutor.java:418)
	at com.kms.katalon.core.main.TestCaseExecutor.accessMainPhase(TestCaseExecutor.java:410)
	at com.kms.katalon.core.main.TestCaseExecutor.execute(TestCaseExecutor.java:285)
	at com.kms.katalon.core.common.CommonExecutor.accessTestCaseMainPhase(CommonExecutor.java:65)
	at com.kms.katalon.core.main.TestSuiteExecutor.accessTestSuiteMainPhase(TestSuiteExecutor.java:148)
	at com.kms.katalon.core.main.TestSuiteExecutor.execute(TestSuiteExecutor.java:106)
	at com.kms.katalon.core.main.TestCaseMain.startTestSuite(TestCaseMain.java:187)
	at com.kms.katalon.core.main.TestCaseMain$startTestSuite$0.call(Unknown Source)
	at TempTestSuite1701103391119.run(TempTestSuite1701103391119.groovy:36)
Caused by: java.io.IOException: O identificador é inválido
	at cucumber.runtime.io.URLOutputStream.write(URLOutputStream.java:60)
	at cucumber.api.formatter.NiceAppendable.tryFlush(NiceAppendable.java:80)
	at cucumber.api.formatter.NiceAppendable.append(NiceAppendable.java:21)
	at cucumber.runtime.formatter.CucumberReporter.finishReport(CucumberReporter.java:265)
	at cucumber.runtime.formatter.CucumberReporter.access$4(CucumberReporter.java:264)
	at cucumber.runtime.formatter.CucumberReporter$5.receive(CucumberReporter.java:93)
	at cucumber.runtime.formatter.CucumberReporter$5.receive(CucumberReporter.java:1)
	at cucumber.runner.EventBus.send(EventBus.java:28)
	at cucumber.runtime.Runtime.run(Runtime.java:109)
	at cucumber.api.cli.Main.run(Main.java:35)
	at cucumber.api.cli.Main$run.call(Unknown Source)
	at com.kms.katalon.core.cucumber.keyword.CucumberBuiltinKeywords$_runFeatureFile_closure1.doCall(CucumberBuiltinKeywords.groovy:108)
	at com.kms.katalon.core.cucumber.keyword.CucumberBuiltinKeywords$_runFeatureFile_closure1.doCall(CucumberBuiltinKeywords.groovy)
	at com.kms.katalon.core.keyword.internal.KeywordMain.runKeyword(KeywordMain.groovy:75)
	at com.kms.katalon.core.keyword.internal.KeywordMain.runKeyword(KeywordMain.groovy:69)
	at com.kms.katalon.core.keyword.internal.KeywordMain$runKeyword.call(Unknown Source)
	at com.kms.katalon.core.cucumber.keyword.CucumberBuiltinKeywords.runFeatureFile(CucumberBuiltinKeywords.groovy:75)
	at com.kms.katalon.core.cucumber.keyword.CucumberBuiltinKeywords$runFeatureFile$0.callStatic(Unknown Source)
	at com.kms.katalon.core.cucumber.keyword.CucumberBuiltinKeywords.runFeatureFile(CucumberBuiltinKeywords.groovy:248)
	at com.kms.katalon.core.cucumber.keyword.CucumberBuiltinKeywords$runFeatureFile.call(Unknown Source)
	at Script1700434457840.run(Script1700434457840.groovy:39)
	... 13 more
)
	at com.kms.katalon.core.keyword.internal.KeywordMain.stepFailed(KeywordMain.groovy:51)
	at com.kms.katalon.core.keyword.internal.KeywordMain.stepFailed(KeywordMain.groovy)
	at com.kms.katalon.core.keyword.internal.KeywordMain.runKeyword(KeywordMain.groovy:77)
	at com.kms.katalon.core.keyword.internal.KeywordMain.runKeyword(KeywordMain.groovy:69)
	at com.kms.katalon.core.keyword.internal.KeywordMain$runKeyword.call(Unknown Source)
	at com.kms.katalon.core.cucumber.keyword.CucumberBuiltinKeywords.runFeatureFile(CucumberBuiltinKeywords.groovy:75)
	at com.kms.katalon.core.cucumber.keyword.CucumberBuiltinKeywords$runFeatureFile$0.callStatic(Unknown Source)
	at com.kms.katalon.core.cucumber.keyword.CucumberBuiltinKeywords.runFeatureFile(CucumberBuiltinKeywords.groovy:248)
	at com.kms.katalon.core.cucumber.keyword.CucumberBuiltinKeywords$runFeatureFile.call(Unknown Source)
	at ListOfContactsPage.run(ListOfContactsPage:39)
	at com.kms.katalon.core.main.ScriptEngine.run(ScriptEngine.java:194)
	at com.kms.katalon.core.main.ScriptEngine.runScriptAsRawText(ScriptEngine.java:119)
	at com.kms.katalon.core.main.TestCaseExecutor.runScript(TestCaseExecutor.java:448)
	at com.kms.katalon.core.main.TestCaseExecutor.doExecute(TestCaseExecutor.java:439)
	at com.kms.katalon.core.main.TestCaseExecutor.processExecutionPhase(TestCaseExecutor.java:418)
	at com.kms.katalon.core.main.TestCaseExecutor.accessMainPhase(TestCaseExecutor.java:410)
	at com.kms.katalon.core.main.TestCaseExecutor.execute(TestCaseExecutor.java:285)
	at com.kms.katalon.core.common.CommonExecutor.accessTestCaseMainPhase(CommonExecutor.java:65)
	at com.kms.katalon.core.main.TestSuiteExecutor.accessTestSuiteMainPhase(TestSuiteExecutor.java:148)
	at com.kms.katalon.core.main.TestSuiteExecutor.execute(TestSuiteExecutor.java:106)
	at com.kms.katalon.core.main.TestCaseMain.startTestSuite(TestCaseMain.java:187)
	at com.kms.katalon.core.main.TestCaseMain$startTestSuite$0.call(Unknown Source)
	at TempTestSuite1701103391119.run(TempTestSuite1701103391119.groovy:36)
Caused by: java.lang.RuntimeException: java.io.IOException: O identificador é inválido
	at cucumber.api.formatter.NiceAppendable.tryFlush(NiceAppendable.java:82)
	at cucumber.api.formatter.NiceAppendable.append(NiceAppendable.java:21)
	at cucumber.runtime.formatter.CucumberReporter.finishReport(CucumberReporter.java:265)
	at cucumber.runtime.formatter.CucumberReporter.access$4(CucumberReporter.java:264)
	at cucumber.runtime.formatter.CucumberReporter$5.receive(CucumberReporter.java:93)
	at cucumber.runtime.formatter.CucumberReporter$5.receive(CucumberReporter.java:1)
	at cucumber.runner.EventBus.send(EventBus.java:28)
	at cucumber.runtime.Runtime.run(Runtime.java:109)
	at cucumber.api.cli.Main.run(Main.java:35)
	at cucumber.api.cli.Main$run.call(Unknown Source)
	at com.kms.katalon.core.cucumber.keyword.CucumberBuiltinKeywords$_runFeatureFile_closure1.doCall(CucumberBuiltinKeywords.groovy:108)
	at com.kms.katalon.core.cucumber.keyword.CucumberBuiltinKeywords$_runFeatureFile_closure1.doCall(CucumberBuiltinKeywords.groovy)
	at com.kms.katalon.core.keyword.internal.KeywordMain.runKeyword(KeywordMain.groovy:75)
	... 20 more
Caused by: java.io.IOException: O identificador é inválido
	at cucumber.runtime.io.URLOutputStream.write(URLOutputStream.java:60)
	at cucumber.api.formatter.NiceAppendable.tryFlush(NiceAppendable.java:80)
	... 32 more


2023-11-27 16:47:14 - [TEST_STEP][FAILED] - runFeatureFile("Include/features/US7-ListOfContactsPage/ListOfContactsPage.feature"): Keyword runFeatureFile was failed (Root cause: java.lang.RuntimeException: java.io.IOException: O identificador é inválido
	at cucumber.api.formatter.NiceAppendable.tryFlush(NiceAppendable.java:82)
	at cucumber.api.formatter.NiceAppendable.append(NiceAppendable.java:21)
	at cucumber.runtime.formatter.CucumberReporter.finishReport(CucumberReporter.java:265)
	at cucumber.runtime.formatter.CucumberReporter.access$4(CucumberReporter.java:264)
	at cucumber.runtime.formatter.CucumberReporter$5.receive(CucumberReporter.java:93)
	at cucumber.runtime.formatter.CucumberReporter$5.receive(CucumberReporter.java:1)
	at cucumber.runner.EventBus.send(EventBus.java:28)
	at cucumber.runtime.Runtime.run(Runtime.java:109)
	at cucumber.api.cli.Main.run(Main.java:35)
	at cucumber.api.cli.Main$run.call(Unknown Source)
	at com.kms.katalon.core.cucumber.keyword.CucumberBuiltinKeywords$_runFeatureFile_closure1.doCall(CucumberBuiltinKeywords.groovy:108)
	at com.kms.katalon.core.cucumber.keyword.CucumberBuiltinKeywords$_runFeatureFile_closure1.doCall(CucumberBuiltinKeywords.groovy)
	at com.kms.katalon.core.keyword.internal.KeywordMain.runKeyword(KeywordMain.groovy:75)
	at com.kms.katalon.core.keyword.internal.KeywordMain.runKeyword(KeywordMain.groovy:69)
	at com.kms.katalon.core.keyword.internal.KeywordMain$runKeyword.call(Unknown Source)
	at com.kms.katalon.core.cucumber.keyword.CucumberBuiltinKeywords.runFeatureFile(CucumberBuiltinKeywords.groovy:75)
	at com.kms.katalon.core.cucumber.keyword.CucumberBuiltinKeywords$runFeatureFile$0.callStatic(Unknown Source)
	at com.kms.katalon.core.cucumber.keyword.CucumberBuiltinKeywords.runFeatureFile(CucumberBuiltinKeywords.groovy:248)
	at com.kms.katalon.core.cucumber.keyword.CucumberBuiltinKeywords$runFeatureFile.call(Unknown Source)
	at ListOfContactsPage.run(ListOfContactsPage:39)
	at com.kms.katalon.core.main.ScriptEngine.run(ScriptEngine.java:194)
	at com.kms.katalon.core.main.ScriptEngine.runScriptAsRawText(ScriptEngine.java:119)
	at com.kms.katalon.core.main.TestCaseExecutor.runScript(TestCaseExecutor.java:448)
	at com.kms.katalon.core.main.TestCaseExecutor.doExecute(TestCaseExecutor.java:439)
	at com.kms.katalon.core.main.TestCaseExecutor.processExecutionPhase(TestCaseExecutor.java:418)
	at com.kms.katalon.core.main.TestCaseExecutor.accessMainPhase(TestCaseExecutor.java:410)
	at com.kms.katalon.core.main.TestCaseExecutor.execute(TestCaseExecutor.java:285)
	at com.kms.katalon.core.common.CommonExecutor.accessTestCaseMainPhase(CommonExecutor.java:65)
	at com.kms.katalon.core.main.TestSuiteExecutor.accessTestSuiteMainPhase(TestSuiteExecutor.java:148)
	at com.kms.katalon.core.main.TestSuiteExecutor.execute(TestSuiteExecutor.java:106)
	at com.kms.katalon.core.main.TestCaseMain.startTestSuite(TestCaseMain.java:187)
	at com.kms.katalon.core.main.TestCaseMain$startTestSuite$0.call(Unknown Source)
	at TempTestSuite1701103391119.run(TempTestSuite1701103391119.groovy:36)
Caused by: java.io.IOException: O identificador é inválido
	at cucumber.runtime.io.URLOutputStream.write(URLOutputStream.java:60)
	at cucumber.api.formatter.NiceAppendable.tryFlush(NiceAppendable.java:80)
	at cucumber.api.formatter.NiceAppendable.append(NiceAppendable.java:21)
	at cucumber.runtime.formatter.CucumberReporter.finishReport(CucumberReporter.java:265)
	at cucumber.runtime.formatter.CucumberReporter.access$4(CucumberReporter.java:264)
	at cucumber.runtime.formatter.CucumberReporter$5.receive(CucumberReporter.java:93)
	at cucumber.runtime.formatter.CucumberReporter$5.receive(CucumberReporter.java:1)
	at cucumber.runner.EventBus.send(EventBus.java:28)
	at cucumber.runtime.Runtime.run(Runtime.java:109)
	at cucumber.api.cli.Main.run(Main.java:35)
	at cucumber.api.cli.Main$run.call(Unknown Source)
	at com.kms.katalon.core.cucumber.keyword.CucumberBuiltinKeywords$_runFeatureFile_closure1.doCall(CucumberBuiltinKeywords.groovy:108)
	at com.kms.katalon.core.cucumber.keyword.CucumberBuiltinKeywords$_runFeatureFile_closure1.doCall(CucumberBuiltinKeywords.groovy)
	at com.kms.katalon.core.keyword.internal.KeywordMain.runKeyword(KeywordMain.groovy:75)
	at com.kms.katalon.core.keyword.internal.KeywordMain.runKeyword(KeywordMain.groovy:69)
	at com.kms.katalon.core.keyword.internal.KeywordMain$runKeyword.call(Unknown Source)
	at com.kms.katalon.core.cucumber.keyword.CucumberBuiltinKeywords.runFeatureFile(CucumberBuiltinKeywords.groovy:75)
	at com.kms.katalon.core.cucumber.keyword.CucumberBuiltinKeywords$runFeatureFile$0.callStatic(Unknown Source)
	at com.kms.katalon.core.cucumber.keyword.CucumberBuiltinKeywords.runFeatureFile(CucumberBuiltinKeywords.groovy:248)
	at com.kms.katalon.core.cucumber.keyword.CucumberBuiltinKeywords$runFeatureFile.call(Unknown Source)
	at Script1700434457840.run(Script1700434457840.groovy:39)
	... 13 more
)

2023-11-27 16:47:14 - [MESSAGE][INFO] - Starting run keyword runFeatureFile: 'Include/features/US7-ListOfContactsPage/ListOfContactsPage.feature' and extract report to folder: 'C:\projetoTaes\tests\Reports\20231127_164311\TestSuit\20231127_164311/cucumber_report/1701103634383'...

2023-11-27 16:47:14 - [TEST_CASE][PASSED] - Start Test Case : SCENARIO See all the contacts: SCENARIO See all the contacts

2023-11-27 16:47:14 - [TEST_STEP][PASSED] - I start the application: I start the application

2023-11-27 16:47:14 - [MESSAGE][INFO] - Detected NodeJS location: "C:\Program Files\nodejs\node.exe"

2023-11-27 16:47:15 - [MESSAGE][INFO] - Appium server started on port 63.952

2023-11-27 16:47:23 - [MESSAGE][PASSED] - Started app at: 'C:\projetoTaes\code\app\build\outputs\apk\debug\app-debug.apk'

2023-11-27 16:47:23 - [MESSAGE][PASSED] - I start the application

2023-11-27 16:47:23 - [TEST_STEP][PASSED] - I have a vCard: I have a vCard

2023-11-27 16:47:23 - [MESSAGE][PASSED] - I have a vCard

2023-11-27 16:47:23 - [TEST_STEP][PASSED] - I insert my "pin code": I insert my "pin code"

2023-11-27 16:47:23 - [MESSAGE][WARNING] - Timeout '0' is invalid. Using default page load timeout: '30'

2023-11-27 16:47:25 - [MESSAGE][PASSED] - Text '1234' has been set to element 'Object Repository/android.widget.EditText (8)'

2023-11-27 16:47:25 - [MESSAGE][PASSED] - I insert my "pin code"

2023-11-27 16:47:25 - [TEST_STEP][PASSED] - I tap the  "Login" button: I tap the  "Login" button

2023-11-27 16:47:25 - [MESSAGE][WARNING] - Timeout '0' is invalid. Using default page load timeout: '30'

2023-11-27 16:47:26 - [MESSAGE][PASSED] - Tapped on element 'Object Repository/android.widget.Button - Login'

2023-11-27 16:47:26 - [MESSAGE][PASSED] - I tap the  "Login" button

2023-11-27 16:47:26 - [TEST_STEP][PASSED] - I tap on "SendMoney"  button: I tap on "SendMoney"  button

2023-11-27 16:47:26 - [MESSAGE][WARNING] - Timeout '0' is invalid. Using default page load timeout: '30'

2023-11-27 16:47:28 - [MESSAGE][PASSED] - Tapped on element 'Object Repository/android.widget.ImageButton (2)'

2023-11-27 16:47:28 - [MESSAGE][PASSED] - I tap on "SendMoney"  button

2023-11-27 16:47:28 - [TEST_STEP][PASSED] - I can see all the contacts: I can see all the contacts

2023-11-27 16:47:28 - [MESSAGE][WARNING] - Timeout '0' is invalid. Using default page load timeout: '30'

2023-11-27 16:47:29 - [MESSAGE][PASSED] - Element 'Object Repository/androidx.recyclerview.widget.RecyclerView (2)' is exist

2023-11-27 16:47:30 - [MESSAGE][PASSED] - Close app successfully

2023-11-27 16:48:10 - [MESSAGE][PASSED] - I can see all the contacts

2023-11-27 16:48:10 - [MESSAGE][FAILED] - Keyword runFeatureFile was failed (Root cause: java.lang.RuntimeException: java.io.IOException: O identificador é inválido
	at cucumber.api.formatter.NiceAppendable.tryFlush(NiceAppendable.java:82)
	at cucumber.api.formatter.NiceAppendable.append(NiceAppendable.java:21)
	at cucumber.runtime.formatter.CucumberReporter.finishReport(CucumberReporter.java:265)
	at cucumber.runtime.formatter.CucumberReporter.access$4(CucumberReporter.java:264)
	at cucumber.runtime.formatter.CucumberReporter$5.receive(CucumberReporter.java:93)
	at cucumber.runtime.formatter.CucumberReporter$5.receive(CucumberReporter.java:1)
	at cucumber.runner.EventBus.send(EventBus.java:28)
	at cucumber.runtime.Runtime.run(Runtime.java:109)
	at cucumber.api.cli.Main.run(Main.java:35)
	at cucumber.api.cli.Main$run.call(Unknown Source)
	at com.kms.katalon.core.cucumber.keyword.CucumberBuiltinKeywords$_runFeatureFile_closure1.doCall(CucumberBuiltinKeywords.groovy:108)
	at com.kms.katalon.core.cucumber.keyword.CucumberBuiltinKeywords$_runFeatureFile_closure1.doCall(CucumberBuiltinKeywords.groovy)
	at com.kms.katalon.core.keyword.internal.KeywordMain.runKeyword(KeywordMain.groovy:75)
	at com.kms.katalon.core.keyword.internal.KeywordMain.runKeyword(KeywordMain.groovy:69)
	at com.kms.katalon.core.keyword.internal.KeywordMain$runKeyword.call(Unknown Source)
	at com.kms.katalon.core.cucumber.keyword.CucumberBuiltinKeywords.runFeatureFile(CucumberBuiltinKeywords.groovy:75)
	at com.kms.katalon.core.cucumber.keyword.CucumberBuiltinKeywords$runFeatureFile$0.callStatic(Unknown Source)
	at com.kms.katalon.core.cucumber.keyword.CucumberBuiltinKeywords.runFeatureFile(CucumberBuiltinKeywords.groovy:248)
	at com.kms.katalon.core.cucumber.keyword.CucumberBuiltinKeywords$runFeatureFile.call(Unknown Source)
	at ListOfContactsPage.run(ListOfContactsPage:39)
	at com.kms.katalon.core.main.ScriptEngine.run(ScriptEngine.java:194)
	at com.kms.katalon.core.main.ScriptEngine.runScriptAsRawText(ScriptEngine.java:119)
	at com.kms.katalon.core.main.TestCaseExecutor.runScript(TestCaseExecutor.java:448)
	at com.kms.katalon.core.main.TestCaseExecutor.doExecute(TestCaseExecutor.java:439)
	at com.kms.katalon.core.main.TestCaseExecutor.processExecutionPhase(TestCaseExecutor.java:418)
	at com.kms.katalon.core.main.TestCaseExecutor.accessMainPhase(TestCaseExecutor.java:410)
	at com.kms.katalon.core.main.TestCaseExecutor.execute(TestCaseExecutor.java:285)
	at com.kms.katalon.core.common.CommonExecutor.accessTestCaseMainPhase(CommonExecutor.java:65)
	at com.kms.katalon.core.main.TestSuiteExecutor.accessTestSuiteMainPhase(TestSuiteExecutor.java:148)
	at com.kms.katalon.core.main.TestSuiteExecutor.execute(TestSuiteExecutor.java:106)
	at com.kms.katalon.core.main.TestCaseMain.startTestSuite(TestCaseMain.java:187)
	at com.kms.katalon.core.main.TestCaseMain$startTestSuite$0.call(Unknown Source)
	at TempTestSuite1701103391119.run(TempTestSuite1701103391119.groovy:36)
Caused by: java.io.IOException: O identificador é inválido
	at cucumber.runtime.io.URLOutputStream.write(URLOutputStream.java:60)
	at cucumber.api.formatter.NiceAppendable.tryFlush(NiceAppendable.java:80)
	at cucumber.api.formatter.NiceAppendable.append(NiceAppendable.java:21)
	at cucumber.runtime.formatter.CucumberReporter.finishReport(CucumberReporter.java:265)
	at cucumber.runtime.formatter.CucumberReporter.access$4(CucumberReporter.java:264)
	at cucumber.runtime.formatter.CucumberReporter$5.receive(CucumberReporter.java:93)
	at cucumber.runtime.formatter.CucumberReporter$5.receive(CucumberReporter.java:1)
	at cucumber.runner.EventBus.send(EventBus.java:28)
	at cucumber.runtime.Runtime.run(Runtime.java:109)
	at cucumber.api.cli.Main.run(Main.java:35)
	at cucumber.api.cli.Main$run.call(Unknown Source)
	at com.kms.katalon.core.cucumber.keyword.CucumberBuiltinKeywords$_runFeatureFile_closure1.doCall(CucumberBuiltinKeywords.groovy:108)
	at com.kms.katalon.core.cucumber.keyword.CucumberBuiltinKeywords$_runFeatureFile_closure1.doCall(CucumberBuiltinKeywords.groovy)
	at com.kms.katalon.core.keyword.internal.KeywordMain.runKeyword(KeywordMain.groovy:75)
	at com.kms.katalon.core.keyword.internal.KeywordMain.runKeyword(KeywordMain.groovy:69)
	at com.kms.katalon.core.keyword.internal.KeywordMain$runKeyword.call(Unknown Source)
	at com.kms.katalon.core.cucumber.keyword.CucumberBuiltinKeywords.runFeatureFile(CucumberBuiltinKeywords.groovy:75)
	at com.kms.katalon.core.cucumber.keyword.CucumberBuiltinKeywords$runFeatureFile$0.callStatic(Unknown Source)
	at com.kms.katalon.core.cucumber.keyword.CucumberBuiltinKeywords.runFeatureFile(CucumberBuiltinKeywords.groovy:248)
	at com.kms.katalon.core.cucumber.keyword.CucumberBuiltinKeywords$runFeatureFile.call(Unknown Source)
	at Script1700434457840.run(Script1700434457840.groovy:39)
	... 13 more
)]]></system-out>
         <system-err><![CDATA[2023-11-27 16:47:14 - [TEST_CASE][FAILED] - Test Cases/US7- List Of Contacts Page/ListOfContactsPage: Test Cases/US7- List Of Contacts Page/ListOfContactsPage FAILED.
Reason:
com.kms.katalon.core.exception.StepFailedException: Keyword runFeatureFile was failed (Root cause: java.lang.RuntimeException: java.io.IOException: O identificador é inválido
	at cucumber.api.formatter.NiceAppendable.tryFlush(NiceAppendable.java:82)
	at cucumber.api.formatter.NiceAppendable.append(NiceAppendable.java:21)
	at cucumber.runtime.formatter.CucumberReporter.finishReport(CucumberReporter.java:265)
	at cucumber.runtime.formatter.CucumberReporter.access$4(CucumberReporter.java:264)
	at cucumber.runtime.formatter.CucumberReporter$5.receive(CucumberReporter.java:93)
	at cucumber.runtime.formatter.CucumberReporter$5.receive(CucumberReporter.java:1)
	at cucumber.runner.EventBus.send(EventBus.java:28)
	at cucumber.runtime.Runtime.run(Runtime.java:109)
	at cucumber.api.cli.Main.run(Main.java:35)
	at cucumber.api.cli.Main$run.call(Unknown Source)
	at com.kms.katalon.core.cucumber.keyword.CucumberBuiltinKeywords$_runFeatureFile_closure1.doCall(CucumberBuiltinKeywords.groovy:108)
	at com.kms.katalon.core.cucumber.keyword.CucumberBuiltinKeywords$_runFeatureFile_closure1.doCall(CucumberBuiltinKeywords.groovy)
	at com.kms.katalon.core.keyword.internal.KeywordMain.runKeyword(KeywordMain.groovy:75)
	at com.kms.katalon.core.keyword.internal.KeywordMain.runKeyword(KeywordMain.groovy:69)
	at com.kms.katalon.core.keyword.internal.KeywordMain$runKeyword.call(Unknown Source)
	at com.kms.katalon.core.cucumber.keyword.CucumberBuiltinKeywords.runFeatureFile(CucumberBuiltinKeywords.groovy:75)
	at com.kms.katalon.core.cucumber.keyword.CucumberBuiltinKeywords$runFeatureFile$0.callStatic(Unknown Source)
	at com.kms.katalon.core.cucumber.keyword.CucumberBuiltinKeywords.runFeatureFile(CucumberBuiltinKeywords.groovy:248)
	at com.kms.katalon.core.cucumber.keyword.CucumberBuiltinKeywords$runFeatureFile.call(Unknown Source)
	at ListOfContactsPage.run(ListOfContactsPage:39)
	at com.kms.katalon.core.main.ScriptEngine.run(ScriptEngine.java:194)
	at com.kms.katalon.core.main.ScriptEngine.runScriptAsRawText(ScriptEngine.java:119)
	at com.kms.katalon.core.main.TestCaseExecutor.runScript(TestCaseExecutor.java:448)
	at com.kms.katalon.core.main.TestCaseExecutor.doExecute(TestCaseExecutor.java:439)
	at com.kms.katalon.core.main.TestCaseExecutor.processExecutionPhase(TestCaseExecutor.java:418)
	at com.kms.katalon.core.main.TestCaseExecutor.accessMainPhase(TestCaseExecutor.java:410)
	at com.kms.katalon.core.main.TestCaseExecutor.execute(TestCaseExecutor.java:285)
	at com.kms.katalon.core.common.CommonExecutor.accessTestCaseMainPhase(CommonExecutor.java:65)
	at com.kms.katalon.core.main.TestSuiteExecutor.accessTestSuiteMainPhase(TestSuiteExecutor.java:148)
	at com.kms.katalon.core.main.TestSuiteExecutor.execute(TestSuiteExecutor.java:106)
	at com.kms.katalon.core.main.TestCaseMain.startTestSuite(TestCaseMain.java:187)
	at com.kms.katalon.core.main.TestCaseMain$startTestSuite$0.call(Unknown Source)
	at TempTestSuite1701103391119.run(TempTestSuite1701103391119.groovy:36)
Caused by: java.io.IOException: O identificador é inválido
	at cucumber.runtime.io.URLOutputStream.write(URLOutputStream.java:60)
	at cucumber.api.formatter.NiceAppendable.tryFlush(NiceAppendable.java:80)
	at cucumber.api.formatter.NiceAppendable.append(NiceAppendable.java:21)
	at cucumber.runtime.formatter.CucumberReporter.finishReport(CucumberReporter.java:265)
	at cucumber.runtime.formatter.CucumberReporter.access$4(CucumberReporter.java:264)
	at cucumber.runtime.formatter.CucumberReporter$5.receive(CucumberReporter.java:93)
	at cucumber.runtime.formatter.CucumberReporter$5.receive(CucumberReporter.java:1)
	at cucumber.runner.EventBus.send(EventBus.java:28)
	at cucumber.runtime.Runtime.run(Runtime.java:109)
	at cucumber.api.cli.Main.run(Main.java:35)
	at cucumber.api.cli.Main$run.call(Unknown Source)
	at com.kms.katalon.core.cucumber.keyword.CucumberBuiltinKeywords$_runFeatureFile_closure1.doCall(CucumberBuiltinKeywords.groovy:108)
	at com.kms.katalon.core.cucumber.keyword.CucumberBuiltinKeywords$_runFeatureFile_closure1.doCall(CucumberBuiltinKeywords.groovy)
	at com.kms.katalon.core.keyword.internal.KeywordMain.runKeyword(KeywordMain.groovy:75)
	at com.kms.katalon.core.keyword.internal.KeywordMain.runKeyword(KeywordMain.groovy:69)
	at com.kms.katalon.core.keyword.internal.KeywordMain$runKeyword.call(Unknown Source)
	at com.kms.katalon.core.cucumber.keyword.CucumberBuiltinKeywords.runFeatureFile(CucumberBuiltinKeywords.groovy:75)
	at com.kms.katalon.core.cucumber.keyword.CucumberBuiltinKeywords$runFeatureFile$0.callStatic(Unknown Source)
	at com.kms.katalon.core.cucumber.keyword.CucumberBuiltinKeywords.runFeatureFile(CucumberBuiltinKeywords.groovy:248)
	at com.kms.katalon.core.cucumber.keyword.CucumberBuiltinKeywords$runFeatureFile.call(Unknown Source)
	at Script1700434457840.run(Script1700434457840.groovy:39)
	... 13 more
)
	at com.kms.katalon.core.keyword.internal.KeywordMain.stepFailed(KeywordMain.groovy:51)
	at com.kms.katalon.core.keyword.internal.KeywordMain.stepFailed(KeywordMain.groovy)
	at com.kms.katalon.core.keyword.internal.KeywordMain.runKeyword(KeywordMain.groovy:77)
	at com.kms.katalon.core.keyword.internal.KeywordMain.runKeyword(KeywordMain.groovy:69)
	at com.kms.katalon.core.keyword.internal.KeywordMain$runKeyword.call(Unknown Source)
	at com.kms.katalon.core.cucumber.keyword.CucumberBuiltinKeywords.runFeatureFile(CucumberBuiltinKeywords.groovy:75)
	at com.kms.katalon.core.cucumber.keyword.CucumberBuiltinKeywords$runFeatureFile$0.callStatic(Unknown Source)
	at com.kms.katalon.core.cucumber.keyword.CucumberBuiltinKeywords.runFeatureFile(CucumberBuiltinKeywords.groovy:248)
	at com.kms.katalon.core.cucumber.keyword.CucumberBuiltinKeywords$runFeatureFile.call(Unknown Source)
	at ListOfContactsPage.run(ListOfContactsPage:39)
	at com.kms.katalon.core.main.ScriptEngine.run(ScriptEngine.java:194)
	at com.kms.katalon.core.main.ScriptEngine.runScriptAsRawText(ScriptEngine.java:119)
	at com.kms.katalon.core.main.TestCaseExecutor.runScript(TestCaseExecutor.java:448)
	at com.kms.katalon.core.main.TestCaseExecutor.doExecute(TestCaseExecutor.java:439)
	at com.kms.katalon.core.main.TestCaseExecutor.processExecutionPhase(TestCaseExecutor.java:418)
	at com.kms.katalon.core.main.TestCaseExecutor.accessMainPhase(TestCaseExecutor.java:410)
	at com.kms.katalon.core.main.TestCaseExecutor.execute(TestCaseExecutor.java:285)
	at com.kms.katalon.core.common.CommonExecutor.accessTestCaseMainPhase(CommonExecutor.java:65)
	at com.kms.katalon.core.main.TestSuiteExecutor.accessTestSuiteMainPhase(TestSuiteExecutor.java:148)
	at com.kms.katalon.core.main.TestSuiteExecutor.execute(TestSuiteExecutor.java:106)
	at com.kms.katalon.core.main.TestCaseMain.startTestSuite(TestCaseMain.java:187)
	at com.kms.katalon.core.main.TestCaseMain$startTestSuite$0.call(Unknown Source)
	at TempTestSuite1701103391119.run(TempTestSuite1701103391119.groovy:36)
Caused by: java.lang.RuntimeException: java.io.IOException: O identificador é inválido
	at cucumber.api.formatter.NiceAppendable.tryFlush(NiceAppendable.java:82)
	at cucumber.api.formatter.NiceAppendable.append(NiceAppendable.java:21)
	at cucumber.runtime.formatter.CucumberReporter.finishReport(CucumberReporter.java:265)
	at cucumber.runtime.formatter.CucumberReporter.access$4(CucumberReporter.java:264)
	at cucumber.runtime.formatter.CucumberReporter$5.receive(CucumberReporter.java:93)
	at cucumber.runtime.formatter.CucumberReporter$5.receive(CucumberReporter.java:1)
	at cucumber.runner.EventBus.send(EventBus.java:28)
	at cucumber.runtime.Runtime.run(Runtime.java:109)
	at cucumber.api.cli.Main.run(Main.java:35)
	at cucumber.api.cli.Main$run.call(Unknown Source)
	at com.kms.katalon.core.cucumber.keyword.CucumberBuiltinKeywords$_runFeatureFile_closure1.doCall(CucumberBuiltinKeywords.groovy:108)
	at com.kms.katalon.core.cucumber.keyword.CucumberBuiltinKeywords$_runFeatureFile_closure1.doCall(CucumberBuiltinKeywords.groovy)
	at com.kms.katalon.core.keyword.internal.KeywordMain.runKeyword(KeywordMain.groovy:75)
	... 20 more
Caused by: java.io.IOException: O identificador é inválido
	at cucumber.runtime.io.URLOutputStream.write(URLOutputStream.java:60)
	at cucumber.api.formatter.NiceAppendable.tryFlush(NiceAppendable.java:80)
	... 32 more]]></system-err>
      </testcase>
      <testcase name="Test Cases/US8 - Add New Contact To The List/US8-AddNewContactToTheList" time="39.136" classname="Test Cases/US8 - Add New Contact To The List/US8-AddNewContactToTheList" status="PASSED">
         <system-out><![CDATA[2023-11-27 16:48:10 - [TEST_CASE][PASSED] - Test Cases/US8 - Add New Contact To The List/US8-AddNewContactToTheList: Test Cases/US8 - Add New Contact To The List/US8-AddNewContactToTheList

2023-11-27 16:48:10 - [TEST_STEP][PASSED] - runFeatureFile("Include/features/US8-AddNewContactToTheList/US8-AddNewContactToTheList.feature"): Feature file: 'Include/features/US8-AddNewContactToTheList/US8-AddNewContactToTheList.feature' was passed

2023-11-27 16:48:10 - [MESSAGE][INFO] - Starting run keyword runFeatureFile: 'Include/features/US8-AddNewContactToTheList/US8-AddNewContactToTheList.feature' and extract report to folder: 'C:\projetoTaes\tests\Reports\20231127_164311\TestSuit\20231127_164311/cucumber_report/1701103690568'...

2023-11-27 16:48:10 - [TEST_CASE][PASSED] - Start Test Case : SCENARIO Add new contact to the contacts list success: SCENARIO Add new contact to the contacts list success

2023-11-27 16:48:10 - [TEST_STEP][PASSED] - I start the application: I start the application

2023-11-27 16:48:10 - [MESSAGE][INFO] - Detected NodeJS location: "C:\Program Files\nodejs\node.exe"

2023-11-27 16:48:11 - [MESSAGE][INFO] - Appium server started on port 64.160

2023-11-27 16:48:18 - [MESSAGE][PASSED] - Started app at: 'C:\projetoTaes\code\app\build\outputs\apk\debug\app-debug.apk'

2023-11-27 16:48:18 - [MESSAGE][PASSED] - I start the application

2023-11-27 16:48:18 - [TEST_STEP][PASSED] - I have a vCard: I have a vCard

2023-11-27 16:48:18 - [MESSAGE][PASSED] - I have a vCard

2023-11-27 16:48:18 - [TEST_STEP][PASSED] - I insert my "pin code": I insert my "pin code"

2023-11-27 16:48:18 - [MESSAGE][WARNING] - Timeout '0' is invalid. Using default page load timeout: '30'

2023-11-27 16:48:20 - [MESSAGE][PASSED] - Text '1234' has been set to element 'Object Repository/android.widget.EditText (8)'

2023-11-27 16:48:20 - [MESSAGE][PASSED] - I insert my "pin code"

2023-11-27 16:48:20 - [TEST_STEP][PASSED] - I tap the  "Login" button: I tap the  "Login" button

2023-11-27 16:48:20 - [MESSAGE][WARNING] - Timeout '0' is invalid. Using default page load timeout: '30'

2023-11-27 16:48:21 - [MESSAGE][PASSED] - Tapped on element 'Object Repository/android.widget.Button - Login'

2023-11-27 16:48:21 - [MESSAGE][PASSED] - I tap the  "Login" button

2023-11-27 16:48:21 - [TEST_STEP][PASSED] - I tap on "SendMoney"  button: I tap on "SendMoney"  button

2023-11-27 16:48:21 - [MESSAGE][WARNING] - Timeout '0' is invalid. Using default page load timeout: '30'

2023-11-27 16:48:23 - [MESSAGE][PASSED] - Tapped on element 'Object Repository/android.widget.ImageButton (2)'

2023-11-27 16:48:23 - [MESSAGE][PASSED] - I tap on "SendMoney"  button

2023-11-27 16:48:23 - [TEST_STEP][PASSED] - I  tap on "NewContact" button: I  tap on "NewContact" button

2023-11-27 16:48:23 - [MESSAGE][WARNING] - Timeout '0' is invalid. Using default page load timeout: '30'

2023-11-27 16:48:25 - [MESSAGE][PASSED] - Tapped on element 'Object Repository/android.widget.Button - Add Contact (1)'

2023-11-27 16:48:25 - [MESSAGE][PASSED] - I  tap on "NewContact" button

2023-11-27 16:48:25 - [TEST_STEP][PASSED] - I insert a new contact: I insert a new contact

2023-11-27 16:48:25 - [MESSAGE][WARNING] - Timeout '0' is invalid. Using default page load timeout: '30'

2023-11-27 16:48:27 - [MESSAGE][PASSED] - Text 'Cristiano Ronaldo' has been set to element 'Object Repository/android.widget.EditText (18)'

2023-11-27 16:48:27 - [MESSAGE][WARNING] - Timeout '0' is invalid. Using default page load timeout: '30'

2023-11-27 16:48:28 - [MESSAGE][PASSED] - Text '920000007' has been set to element 'Object Repository/android.widget.EditText (19)'

2023-11-27 16:48:28 - [MESSAGE][WARNING] - Timeout '0' is invalid. Using default page load timeout: '30'

2023-11-27 16:48:28 - [MESSAGE][PASSED] - Tapped on element 'Object Repository/android.widget.Button - Add (1)'

2023-11-27 16:48:28 - [MESSAGE][PASSED] - I insert a new contact

2023-11-27 16:48:28 - [TEST_STEP][PASSED] - The new contact is added to the list of contacts: The new contact is added to the list of contacts

2023-11-27 16:48:30 - [MESSAGE][WARNING] - Timeout '0' is invalid. Using default page load timeout: '30'

2023-11-27 16:48:31 - [MESSAGE][PASSED] - Tapped on element 'Object Repository/androidx.recyclerview.widget.RecyclerView (2)'

2023-11-27 16:48:31 - [MESSAGE][PASSED] - Close app successfully

2023-11-27 16:48:31 - [MESSAGE][PASSED] - The new contact is added to the list of contacts

2023-11-27 16:48:31 - [TEST_CASE][PASSED] - Start Test Case : SCENARIO Add new contact to the contacts list empty fields: SCENARIO Add new contact to the contacts list empty fields

2023-11-27 16:48:31 - [TEST_STEP][PASSED] - I start the application: I start the application

2023-11-27 16:48:31 - [MESSAGE][INFO] - Detected NodeJS location: "C:\Program Files\nodejs\node.exe"

2023-11-27 16:48:32 - [MESSAGE][INFO] - Appium server started on port 64.332

2023-11-27 16:48:40 - [MESSAGE][PASSED] - Started app at: 'C:\projetoTaes\code\app\build\outputs\apk\debug\app-debug.apk'

2023-11-27 16:48:40 - [MESSAGE][PASSED] - I start the application

2023-11-27 16:48:40 - [TEST_STEP][PASSED] - I have a vCard: I have a vCard

2023-11-27 16:48:40 - [MESSAGE][PASSED] - I have a vCard

2023-11-27 16:48:40 - [TEST_STEP][PASSED] - I insert my "pin code": I insert my "pin code"

2023-11-27 16:48:40 - [MESSAGE][WARNING] - Timeout '0' is invalid. Using default page load timeout: '30'

2023-11-27 16:48:42 - [MESSAGE][PASSED] - Text '1234' has been set to element 'Object Repository/android.widget.EditText (8)'

2023-11-27 16:48:42 - [MESSAGE][PASSED] - I insert my "pin code"

2023-11-27 16:48:42 - [TEST_STEP][PASSED] - I tap the  "Login" button: I tap the  "Login" button

2023-11-27 16:48:42 - [MESSAGE][WARNING] - Timeout '0' is invalid. Using default page load timeout: '30'

2023-11-27 16:48:42 - [MESSAGE][PASSED] - Tapped on element 'Object Repository/android.widget.Button - Login'

2023-11-27 16:48:42 - [MESSAGE][PASSED] - I tap the  "Login" button

2023-11-27 16:48:42 - [TEST_STEP][PASSED] - I tap on "SendMoney"  button: I tap on "SendMoney"  button

2023-11-27 16:48:43 - [MESSAGE][WARNING] - Timeout '0' is invalid. Using default page load timeout: '30'

2023-11-27 16:48:45 - [MESSAGE][PASSED] - Tapped on element 'Object Repository/android.widget.ImageButton (2)'

2023-11-27 16:48:45 - [MESSAGE][PASSED] - I tap on "SendMoney"  button

2023-11-27 16:48:45 - [TEST_STEP][PASSED] - I  tap on "NewContact" button: I  tap on "NewContact" button

2023-11-27 16:48:45 - [MESSAGE][WARNING] - Timeout '0' is invalid. Using default page load timeout: '30'

2023-11-27 16:48:47 - [MESSAGE][PASSED] - Tapped on element 'Object Repository/android.widget.Button - Add Contact (1)'

2023-11-27 16:48:47 - [MESSAGE][PASSED] - I  tap on "NewContact" button

2023-11-27 16:48:47 - [TEST_STEP][PASSED] - I have empty fields: I have empty fields

2023-11-27 16:48:47 - [MESSAGE][WARNING] - Timeout '0' is invalid. Using default page load timeout: '30'

2023-11-27 16:48:48 - [MESSAGE][PASSED] - Tapped on element 'Object Repository/android.widget.Button - Add (1)'

2023-11-27 16:48:48 - [MESSAGE][PASSED] - I have empty fields

2023-11-27 16:48:48 - [TEST_STEP][PASSED] - i can see "Empty fields" message: i can see "Empty fields" message

2023-11-27 16:48:49 - [MESSAGE][PASSED] - Close app successfully

2023-11-27 16:48:49 - [MESSAGE][PASSED] - i can see "Empty fields" message

2023-11-27 16:48:49 - [MESSAGE][PASSED] - Feature file: 'Include/features/US8-AddNewContactToTheList/US8-AddNewContactToTheList.feature' was passed]]></system-out>
         <system-err><![CDATA[]]></system-err>
      </testcase>
      <testcase name="Test Cases/US9 - Delete VCard/US9 - Delete VCard" time="52.099" classname="Test Cases/US9 - Delete VCard/US9 - Delete VCard" status="PASSED">
         <system-out><![CDATA[2023-11-27 16:48:49 - [TEST_CASE][PASSED] - Test Cases/US9 - Delete VCard/US9 - Delete VCard: Test Cases/US9 - Delete VCard/US9 - Delete VCard

2023-11-27 16:48:49 - [TEST_STEP][PASSED] - runFeatureFile("Include/features/US9-DeleteVCard/US9-DeleteVCard.feature"): Feature file: 'Include/features/US9-DeleteVCard/US9-DeleteVCard.feature' was passed

2023-11-27 16:48:49 - [MESSAGE][INFO] - Starting run keyword runFeatureFile: 'Include/features/US9-DeleteVCard/US9-DeleteVCard.feature' and extract report to folder: 'C:\projetoTaes\tests\Reports\20231127_164311\TestSuit\20231127_164311/cucumber_report/1701103729836'...

2023-11-27 16:48:50 - [TEST_CASE][PASSED] - Start Test Case : SCENARIO Delete my vCard Invalid: SCENARIO Delete my vCard Invalid

2023-11-27 16:48:50 - [TEST_STEP][PASSED] - I start the application: I start the application

2023-11-27 16:48:50 - [MESSAGE][INFO] - Detected NodeJS location: "C:\Program Files\nodejs\node.exe"

2023-11-27 16:48:51 - [MESSAGE][INFO] - Appium server started on port 64.501

2023-11-27 16:48:59 - [MESSAGE][PASSED] - Started app at: 'C:\projetoTaes\code\app\build\outputs\apk\debug\app-debug.apk'

2023-11-27 16:48:59 - [MESSAGE][PASSED] - I start the application

2023-11-27 16:48:59 - [TEST_STEP][PASSED] - I have a vCard: I have a vCard

2023-11-27 16:48:59 - [MESSAGE][PASSED] - I have a vCard

2023-11-27 16:48:59 - [TEST_STEP][PASSED] - I insert my "pin code": I insert my "pin code"

2023-11-27 16:48:59 - [MESSAGE][WARNING] - Timeout '0' is invalid. Using default page load timeout: '30'

2023-11-27 16:49:00 - [MESSAGE][PASSED] - Text '1234' has been set to element 'Object Repository/android.widget.EditText (8)'

2023-11-27 16:49:00 - [MESSAGE][PASSED] - I insert my "pin code"

2023-11-27 16:49:00 - [TEST_STEP][PASSED] - I tap the  "Login" button: I tap the  "Login" button

2023-11-27 16:49:00 - [MESSAGE][WARNING] - Timeout '0' is invalid. Using default page load timeout: '30'

2023-11-27 16:49:01 - [MESSAGE][PASSED] - Tapped on element 'Object Repository/android.widget.Button - Login'

2023-11-27 16:49:01 - [MESSAGE][PASSED] - I tap the  "Login" button

2023-11-27 16:49:01 - [TEST_STEP][PASSED] - I verify that my balance is not 0: I verify that my balance is not 0

2023-11-27 16:49:01 - [MESSAGE][WARNING] - Timeout '0' is invalid. Using default page load timeout: '30'

2023-11-27 16:49:03 - [MESSAGE][PASSED] - Tapped on element 'Object Repository/android.widget.ImageButton (3)'

2023-11-27 16:49:03 - [MESSAGE][PASSED] - I verify that my balance is not 0

2023-11-27 16:49:03 - [TEST_STEP][PASSED] - I can see a message “Balance > 0.00 Delete Card Disabled”: I can see a message “Balance > 0.00 Delete Card Disabled”

2023-11-27 16:49:03 - [MESSAGE][WARNING] - Timeout '0' is invalid. Using default page load timeout: '30'

2023-11-27 16:49:05 - [MESSAGE][PASSED] - Element 'Object Repository/android.widget.TextView - Balance  0.00 Delete Card Disabled' is exist

2023-11-27 16:49:20 - [MESSAGE][PASSED] - Close app successfully

2023-11-27 16:49:20 - [MESSAGE][PASSED] - I can see a message “Balance > 0.00 Delete Card Disabled”

2023-11-27 16:49:20 - [TEST_CASE][PASSED] - Start Test Case : SCENARIO Delete my vCard valid: SCENARIO Delete my vCard valid

2023-11-27 16:49:20 - [TEST_STEP][PASSED] - I start the application: I start the application

2023-11-27 16:49:20 - [MESSAGE][INFO] - Detected NodeJS location: "C:\Program Files\nodejs\node.exe"

2023-11-27 16:49:22 - [MESSAGE][INFO] - Appium server started on port 64.675

2023-11-27 16:49:30 - [MESSAGE][PASSED] - Started app at: 'C:\projetoTaes\code\app\build\outputs\apk\debug\app-debug.apk'

2023-11-27 16:49:30 - [MESSAGE][PASSED] - I start the application

2023-11-27 16:49:30 - [TEST_STEP][PASSED] - I have a vCard: I have a vCard

2023-11-27 16:49:30 - [MESSAGE][PASSED] - I have a vCard

2023-11-27 16:49:30 - [TEST_STEP][PASSED] - I insert my "pin code": I insert my "pin code"

2023-11-27 16:49:30 - [MESSAGE][WARNING] - Timeout '0' is invalid. Using default page load timeout: '30'

2023-11-27 16:49:32 - [MESSAGE][PASSED] - Text '1234' has been set to element 'Object Repository/android.widget.EditText (8)'

2023-11-27 16:49:32 - [MESSAGE][PASSED] - I insert my "pin code"

2023-11-27 16:49:32 - [TEST_STEP][PASSED] - I tap the  "Login" button: I tap the  "Login" button

2023-11-27 16:49:32 - [MESSAGE][WARNING] - Timeout '0' is invalid. Using default page load timeout: '30'

2023-11-27 16:49:32 - [MESSAGE][PASSED] - Tapped on element 'Object Repository/android.widget.Button - Login'

2023-11-27 16:49:32 - [MESSAGE][PASSED] - I tap the  "Login" button

2023-11-27 16:49:32 - [TEST_STEP][PASSED] - I verify that my balance is bigger than 0.00: I verify that my balance is bigger than 0.00

2023-11-27 16:49:33 - [MESSAGE][WARNING] - Timeout '0' is invalid. Using default page load timeout: '30'

2023-11-27 16:49:35 - [MESSAGE][PASSED] - Tapped on element 'Object Repository/android.widget.ImageButton (3)'

2023-11-27 16:49:35 - [MESSAGE][PASSED] - I verify that my balance is bigger than 0.00

2023-11-27 16:49:35 - [TEST_STEP][PASSED] - I tap on   "Delete" button: I tap on   "Delete" button

2023-11-27 16:49:35 - [MESSAGE][WARNING] - Timeout '0' is invalid. Using default page load timeout: '30'

2023-11-27 16:49:37 - [MESSAGE][PASSED] - Tapped on element 'Object Repository/android.widget.Button - Delete Card'

2023-11-27 16:49:37 - [MESSAGE][PASSED] - I tap on   "Delete" button

2023-11-27 16:49:37 - [TEST_STEP][PASSED] - I insert my   "pin code": I insert my   "pin code"

2023-11-27 16:49:37 - [MESSAGE][WARNING] - Timeout '0' is invalid. Using default page load timeout: '30'

2023-11-27 16:49:38 - [MESSAGE][PASSED] - Text '1234' has been set to element 'Object Repository/android.widget.EditText - PIN'

2023-11-27 16:49:38 - [MESSAGE][PASSED] - I insert my   "pin code"

2023-11-27 16:49:38 - [TEST_STEP][PASSED] - I can delete my VCard: I can delete my VCard

2023-11-27 16:49:38 - [MESSAGE][WARNING] - Timeout '0' is invalid. Using default page load timeout: '30'

2023-11-27 16:49:41 - [MESSAGE][PASSED] - Tapped on element 'Object Repository/android.widget.Button - Confirm'

2023-11-27 16:49:41 - [MESSAGE][PASSED] - Close app successfully

2023-11-27 16:49:41 - [MESSAGE][PASSED] - I can delete my VCard

2023-11-27 16:49:41 - [MESSAGE][PASSED] - Feature file: 'Include/features/US9-DeleteVCard/US9-DeleteVCard.feature' was passed]]></system-out>
         <system-err><![CDATA[]]></system-err>
      </testcase>
      <system-out><![CDATA[2023-11-27 16:43:17 - [TEST_SUITE][FAILED] - TestSuit: Test Cases/US7- List Of Contacts Page/ListOfContactsPage FAILED.
Reason:
com.kms.katalon.core.exception.StepFailedException: Keyword runFeatureFile was failed (Root cause: java.lang.RuntimeException: java.io.IOException: O identificador é inválido
	at cucumber.api.formatter.NiceAppendable.tryFlush(NiceAppendable.java:82)
	at cucumber.api.formatter.NiceAppendable.append(NiceAppendable.java:21)
	at cucumber.runtime.formatter.CucumberReporter.finishReport(CucumberReporter.java:265)
	at cucumber.runtime.formatter.CucumberReporter.access$4(CucumberReporter.java:264)
	at cucumber.runtime.formatter.CucumberReporter$5.receive(CucumberReporter.java:93)
	at cucumber.runtime.formatter.CucumberReporter$5.receive(CucumberReporter.java:1)
	at cucumber.runner.EventBus.send(EventBus.java:28)
	at cucumber.runtime.Runtime.run(Runtime.java:109)
	at cucumber.api.cli.Main.run(Main.java:35)
	at cucumber.api.cli.Main$run.call(Unknown Source)
	at com.kms.katalon.core.cucumber.keyword.CucumberBuiltinKeywords$_runFeatureFile_closure1.doCall(CucumberBuiltinKeywords.groovy:108)
	at com.kms.katalon.core.cucumber.keyword.CucumberBuiltinKeywords$_runFeatureFile_closure1.doCall(CucumberBuiltinKeywords.groovy)
	at com.kms.katalon.core.keyword.internal.KeywordMain.runKeyword(KeywordMain.groovy:75)
	at com.kms.katalon.core.keyword.internal.KeywordMain.runKeyword(KeywordMain.groovy:69)
	at com.kms.katalon.core.keyword.internal.KeywordMain$runKeyword.call(Unknown Source)
	at com.kms.katalon.core.cucumber.keyword.CucumberBuiltinKeywords.runFeatureFile(CucumberBuiltinKeywords.groovy:75)
	at com.kms.katalon.core.cucumber.keyword.CucumberBuiltinKeywords$runFeatureFile$0.callStatic(Unknown Source)
	at com.kms.katalon.core.cucumber.keyword.CucumberBuiltinKeywords.runFeatureFile(CucumberBuiltinKeywords.groovy:248)
	at com.kms.katalon.core.cucumber.keyword.CucumberBuiltinKeywords$runFeatureFile.call(Unknown Source)
	at ListOfContactsPage.run(ListOfContactsPage:39)
	at com.kms.katalon.core.main.ScriptEngine.run(ScriptEngine.java:194)
	at com.kms.katalon.core.main.ScriptEngine.runScriptAsRawText(ScriptEngine.java:119)
	at com.kms.katalon.core.main.TestCaseExecutor.runScript(TestCaseExecutor.java:448)
	at com.kms.katalon.core.main.TestCaseExecutor.doExecute(TestCaseExecutor.java:439)
	at com.kms.katalon.core.main.TestCaseExecutor.processExecutionPhase(TestCaseExecutor.java:418)
	at com.kms.katalon.core.main.TestCaseExecutor.accessMainPhase(TestCaseExecutor.java:410)
	at com.kms.katalon.core.main.TestCaseExecutor.execute(TestCaseExecutor.java:285)
	at com.kms.katalon.core.common.CommonExecutor.accessTestCaseMainPhase(CommonExecutor.java:65)
	at com.kms.katalon.core.main.TestSuiteExecutor.accessTestSuiteMainPhase(TestSuiteExecutor.java:148)
	at com.kms.katalon.core.main.TestSuiteExecutor.execute(TestSuiteExecutor.java:106)
	at com.kms.katalon.core.main.TestCaseMain.startTestSuite(TestCaseMain.java:187)
	at com.kms.katalon.core.main.TestCaseMain$startTestSuite$0.call(Unknown Source)
	at TempTestSuite1701103391119.run(TempTestSuite1701103391119.groovy:36)
Caused by: java.io.IOException: O identificador é inválido
	at cucumber.runtime.io.URLOutputStream.write(URLOutputStream.java:60)
	at cucumber.api.formatter.NiceAppendable.tryFlush(NiceAppendable.java:80)
	at cucumber.api.formatter.NiceAppendable.append(NiceAppendable.java:21)
	at cucumber.runtime.formatter.CucumberReporter.finishReport(CucumberReporter.java:265)
	at cucumber.runtime.formatter.CucumberReporter.access$4(CucumberReporter.java:264)
	at cucumber.runtime.formatter.CucumberReporter$5.receive(CucumberReporter.java:93)
	at cucumber.runtime.formatter.CucumberReporter$5.receive(CucumberReporter.java:1)
	at cucumber.runner.EventBus.send(EventBus.java:28)
	at cucumber.runtime.Runtime.run(Runtime.java:109)
	at cucumber.api.cli.Main.run(Main.java:35)
	at cucumber.api.cli.Main$run.call(Unknown Source)
	at com.kms.katalon.core.cucumber.keyword.CucumberBuiltinKeywords$_runFeatureFile_closure1.doCall(CucumberBuiltinKeywords.groovy:108)
	at com.kms.katalon.core.cucumber.keyword.CucumberBuiltinKeywords$_runFeatureFile_closure1.doCall(CucumberBuiltinKeywords.groovy)
	at com.kms.katalon.core.keyword.internal.KeywordMain.runKeyword(KeywordMain.groovy:75)
	at com.kms.katalon.core.keyword.internal.KeywordMain.runKeyword(KeywordMain.groovy:69)
	at com.kms.katalon.core.keyword.internal.KeywordMain$runKeyword.call(Unknown Source)
	at com.kms.katalon.core.cucumber.keyword.CucumberBuiltinKeywords.runFeatureFile(CucumberBuiltinKeywords.groovy:75)
	at com.kms.katalon.core.cucumber.keyword.CucumberBuiltinKeywords$runFeatureFile$0.callStatic(Unknown Source)
	at com.kms.katalon.core.cucumber.keyword.CucumberBuiltinKeywords.runFeatureFile(CucumberBuiltinKeywords.groovy:248)
	at com.kms.katalon.core.cucumber.keyword.CucumberBuiltinKeywords$runFeatureFile.call(Unknown Source)
	at Script1700434457840.run(Script1700434457840.groovy:39)
	... 13 more
)
	at com.kms.katalon.core.keyword.internal.KeywordMain.stepFailed(KeywordMain.groovy:51)
	at com.kms.katalon.core.keyword.internal.KeywordMain.stepFailed(KeywordMain.groovy)
	at com.kms.katalon.core.keyword.internal.KeywordMain.runKeyword(KeywordMain.groovy:77)
	at com.kms.katalon.core.keyword.internal.KeywordMain.runKeyword(KeywordMain.groovy:69)
	at com.kms.katalon.core.keyword.internal.KeywordMain$runKeyword.call(Unknown Source)
	at com.kms.katalon.core.cucumber.keyword.CucumberBuiltinKeywords.runFeatureFile(CucumberBuiltinKeywords.groovy:75)
	at com.kms.katalon.core.cucumber.keyword.CucumberBuiltinKeywords$runFeatureFile$0.callStatic(Unknown Source)
	at com.kms.katalon.core.cucumber.keyword.CucumberBuiltinKeywords.runFeatureFile(CucumberBuiltinKeywords.groovy:248)
	at com.kms.katalon.core.cucumber.keyword.CucumberBuiltinKeywords$runFeatureFile.call(Unknown Source)
	at ListOfContactsPage.run(ListOfContactsPage:39)
	at com.kms.katalon.core.main.ScriptEngine.run(ScriptEngine.java:194)
	at com.kms.katalon.core.main.ScriptEngine.runScriptAsRawText(ScriptEngine.java:119)
	at com.kms.katalon.core.main.TestCaseExecutor.runScript(TestCaseExecutor.java:448)
	at com.kms.katalon.core.main.TestCaseExecutor.doExecute(TestCaseExecutor.java:439)
	at com.kms.katalon.core.main.TestCaseExecutor.processExecutionPhase(TestCaseExecutor.java:418)
	at com.kms.katalon.core.main.TestCaseExecutor.accessMainPhase(TestCaseExecutor.java:410)
	at com.kms.katalon.core.main.TestCaseExecutor.execute(TestCaseExecutor.java:285)
	at com.kms.katalon.core.common.CommonExecutor.accessTestCaseMainPhase(CommonExecutor.java:65)
	at com.kms.katalon.core.main.TestSuiteExecutor.accessTestSuiteMainPhase(TestSuiteExecutor.java:148)
	at com.kms.katalon.core.main.TestSuiteExecutor.execute(TestSuiteExecutor.java:106)
	at com.kms.katalon.core.main.TestCaseMain.startTestSuite(TestCaseMain.java:187)
	at com.kms.katalon.core.main.TestCaseMain$startTestSuite$0.call(Unknown Source)
	at TempTestSuite1701103391119.run(TempTestSuite1701103391119.groovy:36)
Caused by: java.lang.RuntimeException: java.io.IOException: O identificador é inválido
	at cucumber.api.formatter.NiceAppendable.tryFlush(NiceAppendable.java:82)
	at cucumber.api.formatter.NiceAppendable.append(NiceAppendable.java:21)
	at cucumber.runtime.formatter.CucumberReporter.finishReport(CucumberReporter.java:265)
	at cucumber.runtime.formatter.CucumberReporter.access$4(CucumberReporter.java:264)
	at cucumber.runtime.formatter.CucumberReporter$5.receive(CucumberReporter.java:93)
	at cucumber.runtime.formatter.CucumberReporter$5.receive(CucumberReporter.java:1)
	at cucumber.runner.EventBus.send(EventBus.java:28)
	at cucumber.runtime.Runtime.run(Runtime.java:109)
	at cucumber.api.cli.Main.run(Main.java:35)
	at cucumber.api.cli.Main$run.call(Unknown Source)
	at com.kms.katalon.core.cucumber.keyword.CucumberBuiltinKeywords$_runFeatureFile_closure1.doCall(CucumberBuiltinKeywords.groovy:108)
	at com.kms.katalon.core.cucumber.keyword.CucumberBuiltinKeywords$_runFeatureFile_closure1.doCall(CucumberBuiltinKeywords.groovy)
	at com.kms.katalon.core.keyword.internal.KeywordMain.runKeyword(KeywordMain.groovy:75)
	... 20 more
Caused by: java.io.IOException: O identificador é inválido
	at cucumber.runtime.io.URLOutputStream.write(URLOutputStream.java:60)
	at cucumber.api.formatter.NiceAppendable.tryFlush(NiceAppendable.java:80)
	... 32 more]]></system-out>
      <system-err><![CDATA[2023-11-27 16:43:17 - [TEST_SUITE][FAILED] - TestSuit: Test Cases/US7- List Of Contacts Page/ListOfContactsPage FAILED.
Reason:
com.kms.katalon.core.exception.StepFailedException: Keyword runFeatureFile was failed (Root cause: java.lang.RuntimeException: java.io.IOException: O identificador é inválido
	at cucumber.api.formatter.NiceAppendable.tryFlush(NiceAppendable.java:82)
	at cucumber.api.formatter.NiceAppendable.append(NiceAppendable.java:21)
	at cucumber.runtime.formatter.CucumberReporter.finishReport(CucumberReporter.java:265)
	at cucumber.runtime.formatter.CucumberReporter.access$4(CucumberReporter.java:264)
	at cucumber.runtime.formatter.CucumberReporter$5.receive(CucumberReporter.java:93)
	at cucumber.runtime.formatter.CucumberReporter$5.receive(CucumberReporter.java:1)
	at cucumber.runner.EventBus.send(EventBus.java:28)
	at cucumber.runtime.Runtime.run(Runtime.java:109)
	at cucumber.api.cli.Main.run(Main.java:35)
	at cucumber.api.cli.Main$run.call(Unknown Source)
	at com.kms.katalon.core.cucumber.keyword.CucumberBuiltinKeywords$_runFeatureFile_closure1.doCall(CucumberBuiltinKeywords.groovy:108)
	at com.kms.katalon.core.cucumber.keyword.CucumberBuiltinKeywords$_runFeatureFile_closure1.doCall(CucumberBuiltinKeywords.groovy)
	at com.kms.katalon.core.keyword.internal.KeywordMain.runKeyword(KeywordMain.groovy:75)
	at com.kms.katalon.core.keyword.internal.KeywordMain.runKeyword(KeywordMain.groovy:69)
	at com.kms.katalon.core.keyword.internal.KeywordMain$runKeyword.call(Unknown Source)
	at com.kms.katalon.core.cucumber.keyword.CucumberBuiltinKeywords.runFeatureFile(CucumberBuiltinKeywords.groovy:75)
	at com.kms.katalon.core.cucumber.keyword.CucumberBuiltinKeywords$runFeatureFile$0.callStatic(Unknown Source)
	at com.kms.katalon.core.cucumber.keyword.CucumberBuiltinKeywords.runFeatureFile(CucumberBuiltinKeywords.groovy:248)
	at com.kms.katalon.core.cucumber.keyword.CucumberBuiltinKeywords$runFeatureFile.call(Unknown Source)
	at ListOfContactsPage.run(ListOfContactsPage:39)
	at com.kms.katalon.core.main.ScriptEngine.run(ScriptEngine.java:194)
	at com.kms.katalon.core.main.ScriptEngine.runScriptAsRawText(ScriptEngine.java:119)
	at com.kms.katalon.core.main.TestCaseExecutor.runScript(TestCaseExecutor.java:448)
	at com.kms.katalon.core.main.TestCaseExecutor.doExecute(TestCaseExecutor.java:439)
	at com.kms.katalon.core.main.TestCaseExecutor.processExecutionPhase(TestCaseExecutor.java:418)
	at com.kms.katalon.core.main.TestCaseExecutor.accessMainPhase(TestCaseExecutor.java:410)
	at com.kms.katalon.core.main.TestCaseExecutor.execute(TestCaseExecutor.java:285)
	at com.kms.katalon.core.common.CommonExecutor.accessTestCaseMainPhase(CommonExecutor.java:65)
	at com.kms.katalon.core.main.TestSuiteExecutor.accessTestSuiteMainPhase(TestSuiteExecutor.java:148)
	at com.kms.katalon.core.main.TestSuiteExecutor.execute(TestSuiteExecutor.java:106)
	at com.kms.katalon.core.main.TestCaseMain.startTestSuite(TestCaseMain.java:187)
	at com.kms.katalon.core.main.TestCaseMain$startTestSuite$0.call(Unknown Source)
	at TempTestSuite1701103391119.run(TempTestSuite1701103391119.groovy:36)
Caused by: java.io.IOException: O identificador é inválido
	at cucumber.runtime.io.URLOutputStream.write(URLOutputStream.java:60)
	at cucumber.api.formatter.NiceAppendable.tryFlush(NiceAppendable.java:80)
	at cucumber.api.formatter.NiceAppendable.append(NiceAppendable.java:21)
	at cucumber.runtime.formatter.CucumberReporter.finishReport(CucumberReporter.java:265)
	at cucumber.runtime.formatter.CucumberReporter.access$4(CucumberReporter.java:264)
	at cucumber.runtime.formatter.CucumberReporter$5.receive(CucumberReporter.java:93)
	at cucumber.runtime.formatter.CucumberReporter$5.receive(CucumberReporter.java:1)
	at cucumber.runner.EventBus.send(EventBus.java:28)
	at cucumber.runtime.Runtime.run(Runtime.java:109)
	at cucumber.api.cli.Main.run(Main.java:35)
	at cucumber.api.cli.Main$run.call(Unknown Source)
	at com.kms.katalon.core.cucumber.keyword.CucumberBuiltinKeywords$_runFeatureFile_closure1.doCall(CucumberBuiltinKeywords.groovy:108)
	at com.kms.katalon.core.cucumber.keyword.CucumberBuiltinKeywords$_runFeatureFile_closure1.doCall(CucumberBuiltinKeywords.groovy)
	at com.kms.katalon.core.keyword.internal.KeywordMain.runKeyword(KeywordMain.groovy:75)
	at com.kms.katalon.core.keyword.internal.KeywordMain.runKeyword(KeywordMain.groovy:69)
	at com.kms.katalon.core.keyword.internal.KeywordMain$runKeyword.call(Unknown Source)
	at com.kms.katalon.core.cucumber.keyword.CucumberBuiltinKeywords.runFeatureFile(CucumberBuiltinKeywords.groovy:75)
	at com.kms.katalon.core.cucumber.keyword.CucumberBuiltinKeywords$runFeatureFile$0.callStatic(Unknown Source)
	at com.kms.katalon.core.cucumber.keyword.CucumberBuiltinKeywords.runFeatureFile(CucumberBuiltinKeywords.groovy:248)
	at com.kms.katalon.core.cucumber.keyword.CucumberBuiltinKeywords$runFeatureFile.call(Unknown Source)
	at Script1700434457840.run(Script1700434457840.groovy:39)
	... 13 more
)
	at com.kms.katalon.core.keyword.internal.KeywordMain.stepFailed(KeywordMain.groovy:51)
	at com.kms.katalon.core.keyword.internal.KeywordMain.stepFailed(KeywordMain.groovy)
	at com.kms.katalon.core.keyword.internal.KeywordMain.runKeyword(KeywordMain.groovy:77)
	at com.kms.katalon.core.keyword.internal.KeywordMain.runKeyword(KeywordMain.groovy:69)
	at com.kms.katalon.core.keyword.internal.KeywordMain$runKeyword.call(Unknown Source)
	at com.kms.katalon.core.cucumber.keyword.CucumberBuiltinKeywords.runFeatureFile(CucumberBuiltinKeywords.groovy:75)
	at com.kms.katalon.core.cucumber.keyword.CucumberBuiltinKeywords$runFeatureFile$0.callStatic(Unknown Source)
	at com.kms.katalon.core.cucumber.keyword.CucumberBuiltinKeywords.runFeatureFile(CucumberBuiltinKeywords.groovy:248)
	at com.kms.katalon.core.cucumber.keyword.CucumberBuiltinKeywords$runFeatureFile.call(Unknown Source)
	at ListOfContactsPage.run(ListOfContactsPage:39)
	at com.kms.katalon.core.main.ScriptEngine.run(ScriptEngine.java:194)
	at com.kms.katalon.core.main.ScriptEngine.runScriptAsRawText(ScriptEngine.java:119)
	at com.kms.katalon.core.main.TestCaseExecutor.runScript(TestCaseExecutor.java:448)
	at com.kms.katalon.core.main.TestCaseExecutor.doExecute(TestCaseExecutor.java:439)
	at com.kms.katalon.core.main.TestCaseExecutor.processExecutionPhase(TestCaseExecutor.java:418)
	at com.kms.katalon.core.main.TestCaseExecutor.accessMainPhase(TestCaseExecutor.java:410)
	at com.kms.katalon.core.main.TestCaseExecutor.execute(TestCaseExecutor.java:285)
	at com.kms.katalon.core.common.CommonExecutor.accessTestCaseMainPhase(CommonExecutor.java:65)
	at com.kms.katalon.core.main.TestSuiteExecutor.accessTestSuiteMainPhase(TestSuiteExecutor.java:148)
	at com.kms.katalon.core.main.TestSuiteExecutor.execute(TestSuiteExecutor.java:106)
	at com.kms.katalon.core.main.TestCaseMain.startTestSuite(TestCaseMain.java:187)
	at com.kms.katalon.core.main.TestCaseMain$startTestSuite$0.call(Unknown Source)
	at TempTestSuite1701103391119.run(TempTestSuite1701103391119.groovy:36)
Caused by: java.lang.RuntimeException: java.io.IOException: O identificador é inválido
	at cucumber.api.formatter.NiceAppendable.tryFlush(NiceAppendable.java:82)
	at cucumber.api.formatter.NiceAppendable.append(NiceAppendable.java:21)
	at cucumber.runtime.formatter.CucumberReporter.finishReport(CucumberReporter.java:265)
	at cucumber.runtime.formatter.CucumberReporter.access$4(CucumberReporter.java:264)
	at cucumber.runtime.formatter.CucumberReporter$5.receive(CucumberReporter.java:93)
	at cucumber.runtime.formatter.CucumberReporter$5.receive(CucumberReporter.java:1)
	at cucumber.runner.EventBus.send(EventBus.java:28)
	at cucumber.runtime.Runtime.run(Runtime.java:109)
	at cucumber.api.cli.Main.run(Main.java:35)
	at cucumber.api.cli.Main$run.call(Unknown Source)
	at com.kms.katalon.core.cucumber.keyword.CucumberBuiltinKeywords$_runFeatureFile_closure1.doCall(CucumberBuiltinKeywords.groovy:108)
	at com.kms.katalon.core.cucumber.keyword.CucumberBuiltinKeywords$_runFeatureFile_closure1.doCall(CucumberBuiltinKeywords.groovy)
	at com.kms.katalon.core.keyword.internal.KeywordMain.runKeyword(KeywordMain.groovy:75)
	... 20 more
Caused by: java.io.IOException: O identificador é inválido
	at cucumber.runtime.io.URLOutputStream.write(URLOutputStream.java:60)
	at cucumber.api.formatter.NiceAppendable.tryFlush(NiceAppendable.java:80)
	... 32 more]]></system-err>
   </testsuite>
</testsuites>
